Log file open, 01/23/19 09:18:46
LogWindows: Failed to load 'aqProf.dll' (GetLastError=126)
LogWindows: File 'aqProf.dll' does not exist
LogWindows: Failed to load 'VtuneApi.dll' (GetLastError=126)
LogWindows: File 'VtuneApi.dll' does not exist
LogWindows: Failed to load 'VtuneApi32e.dll' (GetLastError=126)
LogWindows: File 'VtuneApi32e.dll' does not exist
LogConsoleResponse: Display: Failed to find resolution value strings in scalability ini. Falling back to default.
LogInit: Display: Running engine for game: Project_Spellth
LogPakFile: Registered encryption key '00000000000000000000000000000000': 0 pak files mounted, 0 remain pending
LogPlatformFile: Not using cached read wrapper
LogTaskGraph: Started task graph with 5 named threads and 47 total threads with 3 sets of task threads.
LogStats: Stats thread started at 1.061083
LogD3D11RHI: Loaded GFSDK_Aftermath_Lib.x64.dll
LogICUInternationalization: ICU TimeZone Detection - Raw Offset: +1:00, Platform Override: ''
LogPluginManager: Mounting plugin Paper2D
LogPluginManager: Mounting plugin AISupport
LogPluginManager: Mounting plugin LightPropagationVolume
LogPluginManager: Mounting plugin ActorLayerUtilities
LogPluginManager: Mounting plugin CLionSourceCodeAccess
LogPluginManager: Mounting plugin CodeLiteSourceCodeAccess
LogPluginManager: Mounting plugin GitSourceControl
LogPluginManager: Mounting plugin KDevelopSourceCodeAccess
LogPluginManager: Mounting plugin NullSourceCodeAccess
LogPluginManager: Mounting plugin PerforceSourceControl
LogPluginManager: Mounting plugin SubversionSourceControl
LogPluginManager: Mounting plugin UObjectPlugin
LogPluginManager: Mounting plugin VisualStudioCodeSourceCodeAccess
LogPluginManager: Mounting plugin VisualStudioSourceCodeAccess
LogPluginManager: Mounting plugin XCodeSourceCodeAccess
LogPluginManager: Mounting plugin AssetManagerEditor
LogPluginManager: Mounting plugin CryptoKeys
LogPluginManager: Mounting plugin DataValidation
LogPluginManager: Mounting plugin FacialAnimation
LogPluginManager: Mounting plugin GameplayTagsEditor
LogPluginManager: Mounting plugin MacGraphicsSwitching
LogPluginManager: Mounting plugin MeshEditor
LogPluginManager: Mounting plugin MobileLauncherProfileWizard
LogPluginManager: Mounting plugin PluginBrowser
LogPluginManager: Mounting plugin SpeedTreeImporter
LogPluginManager: Mounting plugin DatasmithContent
LogPluginManager: Mounting plugin VariantManagerContent
LogPluginManager: Mounting plugin AlembicImporter
LogPluginManager: Mounting plugin AppleImageUtils
LogPluginManager: Mounting plugin AppleVision
LogPluginManager: Mounting plugin BackChannel
LogPluginManager: Mounting plugin CharacterAI
LogPluginManager: Mounting plugin GeometryCache
LogPluginManager: Mounting plugin HTML5Networking
LogPluginManager: Mounting plugin ProxyLODPlugin
LogPluginManager: Mounting plugin MagicLeap
LogPluginManager: Mounting plugin MagicLeapMedia
LogPluginManager: Mounting plugin AndroidMedia
LogPluginManager: Mounting plugin AvfMedia
LogPluginManager: Mounting plugin ImgMedia
LogPluginManager: Mounting plugin LinearTimecode
LogPluginManager: Mounting plugin MediaCompositing
LogPluginManager: Mounting plugin MediaPlayerEditor
LogPluginManager: Mounting plugin WebMMedia
LogPluginManager: Mounting plugin WmfMedia
LogPluginManager: Mounting plugin TcpMessaging
LogPluginManager: Mounting plugin UdpMessaging
LogPluginManager: Mounting plugin ActorSequence
LogPluginManager: Mounting plugin LevelSequenceEditor
LogPluginManager: Mounting plugin MatineeToLevelSequence
LogPluginManager: Mounting plugin NetcodeUnitTest
LogPluginManager: Mounting plugin NUTUnrealEngine4
LogPluginManager: Mounting plugin OnlineSubsystemGooglePlay
LogPluginManager: Mounting plugin OnlineSubsystemIOS
LogPluginManager: Mounting plugin OnlineSubsystem
LogPluginManager: Mounting plugin OnlineSubsystemNull
LogPluginManager: Mounting plugin OnlineSubsystemUtils
LogPluginManager: Mounting plugin LauncherChunkInstaller
LogPluginManager: Mounting plugin AndroidDeviceProfileSelector
LogPluginManager: Mounting plugin AndroidMoviePlayer
LogPluginManager: Mounting plugin AndroidPermission
LogPluginManager: Mounting plugin AppleMoviePlayer
LogPluginManager: Mounting plugin ArchVisCharacter
LogPluginManager: Mounting plugin AudioCapture
LogPluginManager: Mounting plugin CableComponent
LogPluginManager: Mounting plugin CustomMeshComponent
LogPluginManager: Mounting plugin EditableMesh
LogPluginManager: Mounting plugin ExampleDeviceProfileSelector
LogPluginManager: Mounting plugin Firebase
LogPluginManager: Mounting plugin GoogleCloudMessaging
LogPluginManager: Mounting plugin IOSDeviceProfileSelector
LogPluginManager: Mounting plugin LinuxDeviceProfileSelector
LogPluginManager: Mounting plugin LocationServicesBPLibrary
LogPluginManager: Mounting plugin MobilePatchingUtils
LogPluginManager: Mounting plugin OculusVR
LogPluginManager: Mounting plugin PhysXVehicles
LogPluginManager: Mounting plugin ProceduralMeshComponent
LogPluginManager: Mounting plugin RuntimePhysXCooking
LogPluginManager: Mounting plugin SteamVR
LogPluginManager: Mounting plugin WebMMoviePlayer
LogPluginManager: Mounting plugin WindowsMoviePlayer
LogStreaming: Display: Took  0.106s to configure plugins.
LogInit: Using libcurl 7.55.1-DEV
LogInit:  - built for x86_64-pc-win32
LogInit:  - supports SSL with OpenSSL/1.0.2h
LogInit:  - supports HTTP deflate (compression) using libz 1.2.8
LogInit:  - other features:
LogInit:      CURL_VERSION_SSL
LogInit:      CURL_VERSION_LIBZ
LogInit:      CURL_VERSION_IPV6
LogInit:      CURL_VERSION_ASYNCHDNS
LogInit:      CURL_VERSION_LARGEFILE
LogInit:      CURL_VERSION_IDN
LogInit:  CurlRequestOptions (configurable via config and command line):
LogInit:  - bVerifyPeer = true  - Libcurl will verify peer certificate
LogInit:  - bUseHttpProxy = false  - Libcurl will NOT use HTTP proxy
LogInit:  - bDontReuseConnections = false  - Libcurl will reuse connections
LogInit:  - MaxHostConnections = 16  - Libcurl will limit the number of connections to a host
LogInit:  - LocalHostAddr = Default
LogInit:  - BufferSize = 65536
LogInit: WinSock: version 1.1 (2.2), MaxSocks=32767, MaxUdp=65467
LogInit: Build: ++UE4+Release-4.21-CL-4613538
LogInit: Engine Version: 4.21.1-4613538+++UE4+Release-4.21
LogInit: Compatible Engine Version: 4.21.0-4541578+++UE4+Release-4.21
LogInit: Net CL: 4541578
LogInit: OS: Windows 10 (), CPU: AMD Ryzen 7 2700X Eight-Core Processor         , GPU: Radeon RX 580 Series
LogInit: Compiled (64-bit): Nov 30 2018 04:13:25
LogInit: Compiled with Visual C++: 19.13.26129.00
LogInit: Build Configuration: Development
LogInit: Branch Name: ++UE4+Release-4.21
LogInit: Command Line: 
LogInit: Base Directory: C:/Program Files/Epic Games/UE_4.21/Engine/Binaries/Win64/
LogInit: Installed Engine Build: 1
LogDevObjectVersion: Number of dev versions registered: 22
LogDevObjectVersion:   Dev-Blueprints (B0D832E4-1F89-4F0D-ACCF-7EB736FD4AA2): 10
LogDevObjectVersion:   Dev-Build (E1C64328-A22C-4D53-A36C-8E866417BD8C): 0
LogDevObjectVersion:   Dev-Core (375EC13C-06E4-48FB-B500-84F0262A717E): 2
LogDevObjectVersion:   Dev-Editor (E4B068ED-F494-42E9-A231-DA0B2E46BB41): 26
LogDevObjectVersion:   Dev-Framework (CFFC743F-43B0-4480-9391-14DF171D2073): 34
LogDevObjectVersion:   Dev-Mobile (B02B49B5-BB20-44E9-A304-32B752E40360): 2
LogDevObjectVersion:   Dev-Networking (A4E4105C-59A1-49B5-A7C5-40C4547EDFEE): 0
LogDevObjectVersion:   Dev-Online (39C831C9-5AE6-47DC-9A44-9C173E1C8E7C): 0
LogDevObjectVersion:   Dev-Physics (78F01B33-EBEA-4F98-B9B4-84EACCB95AA2): 0
LogDevObjectVersion:   Dev-Platform (6631380F-2D4D-43E0-8009-CF276956A95A): 0
LogDevObjectVersion:   Dev-Rendering (12F88B9F-8875-4AFC-A67C-D90C383ABD29): 27
LogDevObjectVersion:   Dev-Sequencer (7B5AE74C-D270-4C10-A958-57980B212A5A): 9
LogDevObjectVersion:   Dev-VR (D7296918-1DD6-4BDD-9DE2-64A83CC13884): 2
LogDevObjectVersion:   Dev-LoadTimes (C2A15278-BFE7-4AFE-6C17-90FF531DF755): 1
LogDevObjectVersion:   Private-Geometry (6EACA3D4-40EC-4CC1-B786-8BED09428FC5): 3
LogDevObjectVersion:   Dev-AnimPhys (29E575DD-E0A3-4627-9D10-D276232CDCEA): 17
LogDevObjectVersion:   Dev-Anim (AF43A65D-7FD3-4947-9873-3E8ED9C1BB05): 2
LogDevObjectVersion:   Dev-ReflectionCapture (6B266CEC-1EC7-4B8F-A30B-E4D90942FC07): 1
LogDevObjectVersion:   Dev-Automation (0DF73D61-A23F-47EA-B727-89E90C41499A): 1
LogDevObjectVersion:   FortniteMain (601D1886-AC64-4F84-AA16-D3DE0DEAC7D6): 17
LogDevObjectVersion:   Dev-Enterprise (9DFFBCD6-494F-0158-E221-12823C92A888): 4
LogDevObjectVersion:   Dev-Niagara (F2AED0AC-9AFE-416F-8664-AA7FFA26D6FC): 1
LogStreaming: Display: Took  0.002s to delete old logs.
LogInit: Presizing for max 8388607 objects, including 0 objects not considered by GC, pre-allocating 0 bytes for permanent pool.
LogInit: Object subsystem initialized
LogConfig: Setting CVar [[con.DebugEarlyDefault:1]]
LogConfig: Setting CVar [[r.setres:1280x720]]
[2019.01.23-08.18.47:328][  0]LogConfig: Setting CVar [[r.VSync:0]]
[2019.01.23-08.18.47:328][  0]LogConfig: Setting CVar [[r.RHICmdBypass:0]]
[2019.01.23-08.18.47:328][  0]LogConfig: Applying CVar settings from Section [/Script/Engine.RendererSettings] File [C:/Users/Victor Weidar/Desktop/ProjectSpeallth/Project-Speallth/Project_Spellth 4.21/Saved/Config/Windows/Engine.ini]
[2019.01.23-08.18.47:328][  0]LogConfig: Setting CVar [[r.GPUCrashDebugging:0]]
[2019.01.23-08.18.47:328][  0]LogConfig: Setting CVar [[r.MobileHDR:1]]
[2019.01.23-08.18.47:328][  0]LogConfig: Setting CVar [[r.Mobile.DisableVertexFog:1]]
[2019.01.23-08.18.47:328][  0]LogConfig: Setting CVar [[r.Shadow.CSM.MaxMobileCascades:2]]
[2019.01.23-08.18.47:328][  0]LogConfig: Setting CVar [[r.MobileMSAA:1]]
[2019.01.23-08.18.47:328][  0]LogConfig: Setting CVar [[r.Mobile.UseLegacyShadingModel:0]]
[2019.01.23-08.18.47:328][  0]LogConfig: Setting CVar [[r.DiscardUnusedQuality:0]]
[2019.01.23-08.18.47:328][  0]LogConfig: Setting CVar [[r.AllowOcclusionQueries:1]]
[2019.01.23-08.18.47:328][  0]LogConfig: Setting CVar [[r.MinScreenRadiusForLights:0.030000]]
[2019.01.23-08.18.47:328][  0]LogConfig: Setting CVar [[r.MinScreenRadiusForDepthPrepass:0.030000]]
[2019.01.23-08.18.47:328][  0]LogConfig: Setting CVar [[r.MinScreenRadiusForCSMDepth:0.010000]]
[2019.01.23-08.18.47:328][  0]LogConfig: Setting CVar [[r.PrecomputedVisibilityWarning:0]]
[2019.01.23-08.18.47:328][  0]LogConfig: Setting CVar [[r.TextureStreaming:1]]
[2019.01.23-08.18.47:328][  0]LogConfig: Setting CVar [[Compat.UseDXT5NormalMaps:0]]
[2019.01.23-08.18.47:328][  0]LogConfig: Setting CVar [[r.ClearCoatNormal:0]]
[2019.01.23-08.18.47:328][  0]LogConfig: Setting CVar [[r.ReflectionCaptureResolution:128]]
[2019.01.23-08.18.47:329][  0]LogConfig: Setting CVar [[r.ReflectionEnvironmentLightmapMixBasedOnRoughness:1]]
[2019.01.23-08.18.47:329][  0]LogConfig: Setting CVar [[r.ForwardShading:0]]
[2019.01.23-08.18.47:329][  0]LogConfig: Setting CVar [[r.VertexFoggingForOpaque:1]]
[2019.01.23-08.18.47:329][  0]LogConfig: Setting CVar [[r.AllowStaticLighting:1]]
[2019.01.23-08.18.47:329][  0]LogConfig: Setting CVar [[r.NormalMapsForStaticLighting:0]]
[2019.01.23-08.18.47:329][  0]LogConfig: Setting CVar [[r.GenerateMeshDistanceFields:0]]
[2019.01.23-08.18.47:329][  0]LogConfig: Setting CVar [[r.DistanceFieldBuild.EightBit:0]]
[2019.01.23-08.18.47:329][  0]LogConfig: Setting CVar [[r.GenerateLandscapeGIData:0]]
[2019.01.23-08.18.47:329][  0]LogConfig: Setting CVar [[r.DistanceFieldBuild.Compress:0]]
[2019.01.23-08.18.47:329][  0]LogConfig: Setting CVar [[r.TessellationAdaptivePixelsPerTriangle:48.000000]]
[2019.01.23-08.18.47:329][  0]LogConfig: Setting CVar [[r.SeparateTranslucency:1]]
[2019.01.23-08.18.47:329][  0]LogConfig: Setting CVar [[r.TranslucentSortPolicy:0]]
[2019.01.23-08.18.47:329][  0]LogConfig: Setting CVar [[r.CustomDepth:1]]
[2019.01.23-08.18.47:329][  0]LogConfig: Setting CVar [[r.CustomDepthTemporalAAJitter:1]]
[2019.01.23-08.18.47:329][  0]LogConfig: Setting CVar [[r.PostProcessing.PropagateAlpha:0]]
[2019.01.23-08.18.47:329][  0]LogConfig: Setting CVar [[r.DOF.Algorithm:1]]
[2019.01.23-08.18.47:329][  0]LogConfig: Setting CVar [[r.UsePreExposure:0]]
[2019.01.23-08.18.47:329][  0]LogConfig: Setting CVar [[r.DefaultFeature.Bloom:1]]
[2019.01.23-08.18.47:329][  0]LogConfig: Setting CVar [[r.DefaultFeature.AmbientOcclusion:1]]
[2019.01.23-08.18.47:329][  0]LogConfig: Setting CVar [[r.DefaultFeature.AmbientOcclusionStaticFraction:1]]
[2019.01.23-08.18.47:329][  0]LogConfig: Setting CVar [[r.DefaultFeature.AutoExposure:0]]
[2019.01.23-08.18.47:329][  0]LogConfig: Setting CVar [[r.DefaultFeature.AutoExposure.Method:0]]
[2019.01.23-08.18.47:329][  0]LogConfig: Setting CVar [[r.DefaultFeature.MotionBlur:0]]
[2019.01.23-08.18.47:329][  0]LogConfig: Setting CVar [[r.DefaultFeature.LensFlare:0]]
[2019.01.23-08.18.47:329][  0]LogConfig: Setting CVar [[r.TemporalAA.Upsampling:0]]
[2019.01.23-08.18.47:329][  0]LogConfig: Setting CVar [[r.DefaultFeature.AntiAliasing:0]]
[2019.01.23-08.18.47:329][  0]LogConfig: Setting CVar [[r.DefaultBackBufferPixelFormat:4]]
[2019.01.23-08.18.47:329][  0]LogConfig: Setting CVar [[r.Shadow.UnbuiltPreviewInGame:1]]
[2019.01.23-08.18.47:329][  0]LogConfig: Setting CVar [[r.StencilForLODDither:0]]
[2019.01.23-08.18.47:329][  0]LogConfig: Setting CVar [[r.EarlyZPass:3]]
[2019.01.23-08.18.47:330][  0]LogConfig: Setting CVar [[r.EarlyZPassMovable:1]]
[2019.01.23-08.18.47:330][  0]LogConfig: Setting CVar [[r.EarlyZPassOnlyMaterialMasking:0]]
[2019.01.23-08.18.47:330][  0]LogConfig: Setting CVar [[r.DBuffer:1]]
[2019.01.23-08.18.47:330][  0]LogConfig: Setting CVar [[r.ClearSceneMethod:1]]
[2019.01.23-08.18.47:330][  0]LogConfig: Setting CVar [[r.BasePassOutputsVelocity:0]]
[2019.01.23-08.18.47:330][  0]LogConfig: Setting CVar [[r.SelectiveBasePassOutputs:0]]
[2019.01.23-08.18.47:330][  0]LogConfig: Setting CVar [[fx.GPUSimulationTextureSizeX:1024]]
[2019.01.23-08.18.47:330][  0]LogConfig: Setting CVar [[fx.GPUSimulationTextureSizeY:1024]]
[2019.01.23-08.18.47:330][  0]LogConfig: Setting CVar [[r.AllowGlobalClipPlane:0]]
[2019.01.23-08.18.47:330][  0]LogConfig: Setting CVar [[r.GBufferFormat:1]]
[2019.01.23-08.18.47:330][  0]LogConfig: Setting CVar [[r.MorphTarget.Mode:1]]
[2019.01.23-08.18.47:330][  0]LogConfig: Setting CVar [[vr.InstancedStereo:0]]
[2019.01.23-08.18.47:330][  0]LogConfig: Setting CVar [[vr.MultiView:0]]
[2019.01.23-08.18.47:330][  0]LogConfig: Setting CVar [[vr.MobileMultiView:0]]
[2019.01.23-08.18.47:330][  0]LogConfig: Setting CVar [[vr.MobileMultiView.Direct:0]]
[2019.01.23-08.18.47:330][  0]LogConfig: Setting CVar [[vr.MonoscopicFarField:0]]
[2019.01.23-08.18.47:330][  0]LogConfig: Setting CVar [[vr.ODSCapture:0]]
[2019.01.23-08.18.47:330][  0]LogConfig: Setting CVar [[r.WireframeCullThreshold:5.000000]]
[2019.01.23-08.18.47:330][  0]LogConfig: Setting CVar [[r.SupportStationarySkylight:1]]
[2019.01.23-08.18.47:330][  0]LogConfig: Setting CVar [[r.SupportLowQualityLightmaps:1]]
[2019.01.23-08.18.47:330][  0]LogConfig: Setting CVar [[r.SupportPointLightWholeSceneShadows:1]]
[2019.01.23-08.18.47:330][  0]LogConfig: Setting CVar [[r.SupportAtmosphericFog:1]]
[2019.01.23-08.18.47:330][  0]LogConfig: Setting CVar [[r.SkinCache.CompileShaders:0]]
[2019.01.23-08.18.47:330][  0]LogConfig: Setting CVar [[r.Mobile.EnableStaticAndCSMShadowReceivers:1]]
[2019.01.23-08.18.47:330][  0]LogConfig: Setting CVar [[r.Mobile.EnableMovableLightCSMShaderCulling:1]]
[2019.01.23-08.18.47:330][  0]LogConfig: Setting CVar [[r.Mobile.AllowDistanceFieldShadows:1]]
[2019.01.23-08.18.47:330][  0]LogConfig: Setting CVar [[r.Mobile.AllowMovableDirectionalLights:1]]
[2019.01.23-08.18.47:330][  0]LogConfig: Setting CVar [[r.MobileNumDynamicPointLights:4]]
[2019.01.23-08.18.47:330][  0]LogConfig: Setting CVar [[r.MobileDynamicPointLightsUseStaticBranch:1]]
[2019.01.23-08.18.47:330][  0]LogConfig: Setting CVar [[r.SkinCache.SceneMemoryLimitInMB:128.000000]]
[2019.01.23-08.18.47:330][  0]LogConfig: Setting CVar [[r.GPUSkin.Limit2BoneInfluences:0]]
[2019.01.23-08.18.47:330][  0]LogConfig: Setting CVar [[r.SupportDepthOnlyIndexBuffers:1]]
[2019.01.23-08.18.47:331][  0]LogConfig: Setting CVar [[r.SupportReversedIndexBuffers:1]]
[2019.01.23-08.18.47:331][  0]LogConfig: Setting CVar [[r.SupportMaterialLayers:0]]
[2019.01.23-08.18.47:331][  0]LogConfig: Applying CVar settings from Section [/Script/Engine.RendererOverrideSettings] File [C:/Users/Victor Weidar/Desktop/ProjectSpeallth/Project-Speallth/Project_Spellth 4.21/Saved/Config/Windows/Engine.ini]
[2019.01.23-08.18.47:331][  0]LogConfig: Applying CVar settings from Section [/Script/Engine.StreamingSettings] File [C:/Users/Victor Weidar/Desktop/ProjectSpeallth/Project-Speallth/Project_Spellth 4.21/Saved/Config/Windows/Engine.ini]
[2019.01.23-08.18.47:331][  0]LogConfig: Setting CVar [[s.MinBulkDataSizeForAsyncLoading:131072]]
[2019.01.23-08.18.47:331][  0]LogConfig: Setting CVar [[s.AsyncLoadingThreadEnabled:0]]
[2019.01.23-08.18.47:331][  0]LogConfig: Setting CVar [[s.EventDrivenLoaderEnabled:1]]
[2019.01.23-08.18.47:331][  0]LogConfig: Setting CVar [[s.WarnIfTimeLimitExceeded:0]]
[2019.01.23-08.18.47:331][  0]LogConfig: Setting CVar [[s.TimeLimitExceededMultiplier:1.5]]
[2019.01.23-08.18.47:331][  0]LogConfig: Setting CVar [[s.TimeLimitExceededMinTime:0.005]]
[2019.01.23-08.18.47:331][  0]LogConfig: Setting CVar [[s.UseBackgroundLevelStreaming:1]]
[2019.01.23-08.18.47:331][  0]LogConfig: Setting CVar [[s.PriorityAsyncLoadingExtraTime:15.0]]
[2019.01.23-08.18.47:331][  0]LogConfig: Setting CVar [[s.LevelStreamingActorsUpdateTimeLimit:5.0]]
[2019.01.23-08.18.47:331][  0]LogConfig: Setting CVar [[s.PriorityLevelStreamingActorsUpdateExtraTime:5.0]]
[2019.01.23-08.18.47:331][  0]LogConfig: Setting CVar [[s.LevelStreamingComponentsRegistrationGranularity:10]]
[2019.01.23-08.18.47:331][  0]LogConfig: Setting CVar [[s.UnregisterComponentsTimeLimit:1.0]]
[2019.01.23-08.18.47:331][  0]LogConfig: Setting CVar [[s.LevelStreamingComponentsUnregistrationGranularity:5]]
[2019.01.23-08.18.47:331][  0]LogConfig: Applying CVar settings from Section [/Script/Engine.GarbageCollectionSettings] File [C:/Users/Victor Weidar/Desktop/ProjectSpeallth/Project-Speallth/Project_Spellth 4.21/Saved/Config/Windows/Engine.ini]
[2019.01.23-08.18.47:331][  0]LogConfig: Setting CVar [[gc.MaxObjectsNotConsideredByGC:1]]
[2019.01.23-08.18.47:331][  0]LogConfig: Setting CVar [[gc.SizeOfPermanentObjectPool:0]]
[2019.01.23-08.18.47:331][  0]LogConfig: Setting CVar [[gc.FlushStreamingOnGC:0]]
[2019.01.23-08.18.47:331][  0]LogConfig: Setting CVar [[gc.NumRetriesBeforeForcingGC:10]]
[2019.01.23-08.18.47:331][  0]LogConfig: Setting CVar [[gc.AllowParallelGC:1]]
[2019.01.23-08.18.47:331][  0]LogConfig: Setting CVar [[gc.TimeBetweenPurgingPendingKillObjects:61.1]]
[2019.01.23-08.18.47:331][  0]LogConfig: Setting CVar [[gc.MaxObjectsInEditor:8388607]]
[2019.01.23-08.18.47:331][  0]LogConfig: Setting CVar [[gc.IncrementalBeginDestroyEnabled:1]]
[2019.01.23-08.18.47:331][  0]LogConfig: Setting CVar [[gc.CreateGCClusters:1]]
[2019.01.23-08.18.47:331][  0]LogConfig: Setting CVar [[gc.MergeGCClusters:0]]
[2019.01.23-08.18.47:331][  0]LogConfig: Setting CVar [[gc.MinGCClusterSize:5]]
[2019.01.23-08.18.47:331][  0]LogConfig: Setting CVar [[gc.ActorClusteringEnabled:0]]
[2019.01.23-08.18.47:331][  0]LogConfig: Setting CVar [[gc.BlueprintClusteringEnabled:0]]
[2019.01.23-08.18.47:331][  0]LogConfig: Setting CVar [[gc.UseDisregardForGCOnDedicatedServers:0]]
[2019.01.23-08.18.47:331][  0]LogConfig: Applying CVar settings from Section [/Script/Engine.NetworkSettings] File [C:/Users/Victor Weidar/Desktop/ProjectSpeallth/Project-Speallth/Project_Spellth 4.21/Saved/Config/Windows/Engine.ini]
[2019.01.23-08.18.47:331][  0]LogConfig: Applying CVar settings from Section [/Script/UnrealEd.CookerSettings] File [C:/Users/Victor Weidar/Desktop/ProjectSpeallth/Project-Speallth/Project_Spellth 4.21/Saved/Config/Windows/Engine.ini]
[2019.01.23-08.18.47:338][  0]LogConfig: Applying CVar settings from Section [ViewDistanceQuality@3] File [C:/Users/Victor Weidar/Desktop/ProjectSpeallth/Project-Speallth/Project_Spellth 4.21/Saved/Config/Windows/Scalability.ini]
[2019.01.23-08.18.47:338][  0]LogConfig: Setting CVar [[r.SkeletalMeshLODBias:0]]
[2019.01.23-08.18.47:338][  0]LogConfig: Setting CVar [[r.ViewDistanceScale:1.0]]
[2019.01.23-08.18.47:338][  0]LogConfig: Applying CVar settings from Section [AntiAliasingQuality@3] File [C:/Users/Victor Weidar/Desktop/ProjectSpeallth/Project-Speallth/Project_Spellth 4.21/Saved/Config/Windows/Scalability.ini]
[2019.01.23-08.18.47:338][  0]LogConfig: Setting CVar [[r.PostProcessAAQuality:4]]
[2019.01.23-08.18.47:338][  0]LogConfig: Applying CVar settings from Section [ShadowQuality@3] File [C:/Users/Victor Weidar/Desktop/ProjectSpeallth/Project-Speallth/Project_Spellth 4.21/Saved/Config/Windows/Scalability.ini]
[2019.01.23-08.18.47:338][  0]LogConfig: Setting CVar [[r.LightFunctionQuality:1]]
[2019.01.23-08.18.47:338][  0]LogConfig: Setting CVar [[r.ShadowQuality:5]]
[2019.01.23-08.18.47:338][  0]LogConfig: Setting CVar [[r.Shadow.CSM.MaxCascades:10]]
[2019.01.23-08.18.47:338][  0]LogConfig: Setting CVar [[r.Shadow.MaxResolution:2048]]
[2019.01.23-08.18.47:338][  0]LogConfig: Setting CVar [[r.Shadow.MaxCSMResolution:2048]]
[2019.01.23-08.18.47:338][  0]LogConfig: Setting CVar [[r.Shadow.RadiusThreshold:0.01]]
[2019.01.23-08.18.47:338][  0]LogConfig: Setting CVar [[r.Shadow.DistanceScale:1.0]]
[2019.01.23-08.18.47:338][  0]LogConfig: Setting CVar [[r.Shadow.CSM.TransitionScale:1.0]]
[2019.01.23-08.18.47:338][  0]LogConfig: Setting CVar [[r.Shadow.PreShadowResolutionFactor:1.0]]
[2019.01.23-08.18.47:338][  0]LogConfig: Setting CVar [[r.DistanceFieldShadowing:1]]
[2019.01.23-08.18.47:338][  0]LogConfig: Setting CVar [[r.DistanceFieldAO:1]]
[2019.01.23-08.18.47:338][  0]LogConfig: Setting CVar [[r.AOQuality:2]]
[2019.01.23-08.18.47:339][  0]LogConfig: Setting CVar [[r.VolumetricFog:1]]
[2019.01.23-08.18.47:339][  0]LogConfig: Setting CVar [[r.VolumetricFog.GridPixelSize:8]]
[2019.01.23-08.18.47:339][  0]LogConfig: Setting CVar [[r.VolumetricFog.GridSizeZ:128]]
[2019.01.23-08.18.47:339][  0]LogConfig: Setting CVar [[r.VolumetricFog.HistoryMissSupersampleCount:4]]
[2019.01.23-08.18.47:339][  0]LogConfig: Setting CVar [[r.LightMaxDrawDistanceScale:1]]
[2019.01.23-08.18.47:339][  0]LogConfig: Setting CVar [[r.CapsuleShadows:1]]
[2019.01.23-08.18.47:339][  0]LogConfig: Applying CVar settings from Section [PostProcessQuality@3] File [C:/Users/Victor Weidar/Desktop/ProjectSpeallth/Project-Speallth/Project_Spellth 4.21/Saved/Config/Windows/Scalability.ini]
[2019.01.23-08.18.47:339][  0]LogConfig: Setting CVar [[r.MotionBlurQuality:4]]
[2019.01.23-08.18.47:339][  0]LogConfig: Setting CVar [[r.AmbientOcclusionMipLevelFactor:0.4]]
[2019.01.23-08.18.47:339][  0]LogConfig: Setting CVar [[r.AmbientOcclusionMaxQuality:100]]
[2019.01.23-08.18.47:339][  0]LogConfig: Setting CVar [[r.AmbientOcclusionLevels:-1]]
[2019.01.23-08.18.47:339][  0]LogConfig: Setting CVar [[r.AmbientOcclusionRadiusScale:1.0]]
[2019.01.23-08.18.47:339][  0]LogConfig: Setting CVar [[r.DepthOfFieldQuality:2]]
[2019.01.23-08.18.47:339][  0]LogConfig: Setting CVar [[r.RenderTargetPoolMin:400]]
[2019.01.23-08.18.47:339][  0]LogConfig: Setting CVar [[r.LensFlareQuality:2]]
[2019.01.23-08.18.47:339][  0]LogConfig: Setting CVar [[r.SceneColorFringeQuality:1]]
[2019.01.23-08.18.47:339][  0]LogConfig: Setting CVar [[r.EyeAdaptationQuality:2]]
[2019.01.23-08.18.47:339][  0]LogConfig: Setting CVar [[r.BloomQuality:5]]
[2019.01.23-08.18.47:339][  0]LogConfig: Setting CVar [[r.FastBlurThreshold:100]]
[2019.01.23-08.18.47:339][  0]LogConfig: Setting CVar [[r.Upscale.Quality:3]]
[2019.01.23-08.18.47:339][  0]LogConfig: Setting CVar [[r.Tonemapper.GrainQuantization:1]]
[2019.01.23-08.18.47:339][  0]LogConfig: Setting CVar [[r.LightShaftQuality:1]]
[2019.01.23-08.18.47:339][  0]LogConfig: Setting CVar [[r.Filter.SizeScale:1]]
[2019.01.23-08.18.47:339][  0]LogConfig: Setting CVar [[r.Tonemapper.Quality:5]]
[2019.01.23-08.18.47:339][  0]LogConfig: Setting CVar [[r.DOF.Gather.AccumulatorQuality:1        ; higher gathering accumulator quality]]
[2019.01.23-08.18.47:339][  0]LogConfig: Setting CVar [[r.DOF.Gather.PostfilterMethod:1          ; Median3x3 postfilering method]]
[2019.01.23-08.18.47:339][  0]LogConfig: Setting CVar [[r.DOF.Gather.EnableBokehSettings:0       ; no bokeh simulation when gathering]]
[2019.01.23-08.18.47:339][  0]LogConfig: Setting CVar [[r.DOF.Gather.RingCount:4                 ; medium number of samples when gathering]]
[2019.01.23-08.18.47:339][  0]LogConfig: Setting CVar [[r.DOF.Scatter.ForegroundCompositing:1    ; additive foreground scattering]]
[2019.01.23-08.18.47:339][  0]LogConfig: Setting CVar [[r.DOF.Scatter.BackgroundCompositing:2    ; additive background scattering]]
[2019.01.23-08.18.47:339][  0]LogConfig: Setting CVar [[r.DOF.Scatter.EnableBokehSettings:1      ; bokeh simulation when scattering]]
[2019.01.23-08.18.47:339][  0]LogConfig: Setting CVar [[r.DOF.Scatter.MaxSpriteRatio:0.1         ; only a maximum of 10% of scattered bokeh]]
[2019.01.23-08.18.47:339][  0]LogConfig: Setting CVar [[r.DOF.Recombine.Quality:1                ; cheap slight out of focus]]
[2019.01.23-08.18.47:339][  0]LogConfig: Setting CVar [[r.DOF.Recombine.EnableBokehSettings:0    ; no bokeh simulation on slight out of focus]]
[2019.01.23-08.18.47:339][  0]LogConfig: Setting CVar [[r.DOF.TemporalAAQuality:1                ; more stable temporal accumulation]]
[2019.01.23-08.18.47:339][  0]LogConfig: Setting CVar [[r.DOF.Kernel.MaxForegroundRadius:0.025]]
[2019.01.23-08.18.47:339][  0]LogConfig: Setting CVar [[r.DOF.Kernel.MaxBackgroundRadius:0.025]]
[2019.01.23-08.18.47:339][  0]LogConfig: Applying CVar settings from Section [TextureQuality@3] File [C:/Users/Victor Weidar/Desktop/ProjectSpeallth/Project-Speallth/Project_Spellth 4.21/Saved/Config/Windows/Scalability.ini]
[2019.01.23-08.18.47:339][  0]LogConfig: Setting CVar [[r.Streaming.MipBias:0]]
[2019.01.23-08.18.47:339][  0]LogConfig: Setting CVar [[r.Streaming.AmortizeCPUToGPUCopy:0]]
[2019.01.23-08.18.47:339][  0]LogConfig: Setting CVar [[r.Streaming.MaxNumTexturesToStreamPerFrame:0]]
[2019.01.23-08.18.47:339][  0]LogConfig: Setting CVar [[r.Streaming.Boost:1]]
[2019.01.23-08.18.47:339][  0]LogConfig: Setting CVar [[r.MaxAnisotropy:8]]
[2019.01.23-08.18.47:339][  0]LogConfig: Setting CVar [[r.Streaming.LimitPoolSizeToVRAM:0]]
[2019.01.23-08.18.47:339][  0]LogConfig: Setting CVar [[r.Streaming.PoolSize:1000]]
[2019.01.23-08.18.47:339][  0]LogConfig: Setting CVar [[r.Streaming.MaxEffectiveScreenSize:0]]
[2019.01.23-08.18.47:340][  0]LogConfig: Applying CVar settings from Section [EffectsQuality@3] File [C:/Users/Victor Weidar/Desktop/ProjectSpeallth/Project-Speallth/Project_Spellth 4.21/Saved/Config/Windows/Scalability.ini]
[2019.01.23-08.18.47:340][  0]LogConfig: Setting CVar [[r.TranslucencyLightingVolumeDim:64]]
[2019.01.23-08.18.47:340][  0]LogConfig: Setting CVar [[r.RefractionQuality:2]]
[2019.01.23-08.18.47:340][  0]LogConfig: Setting CVar [[r.SSR.Quality:3]]
[2019.01.23-08.18.47:340][  0]LogConfig: Setting CVar [[r.SceneColorFormat:4]]
[2019.01.23-08.18.47:340][  0]LogConfig: Setting CVar [[r.DetailMode:2]]
[2019.01.23-08.18.47:340][  0]LogConfig: Setting CVar [[r.TranslucencyVolumeBlur:1]]
[2019.01.23-08.18.47:340][  0]LogConfig: Setting CVar [[r.MaterialQualityLevel:1 ; High quality]]
[2019.01.23-08.18.47:340][  0]LogConfig: Setting CVar [[r.SSS.Scale:1]]
[2019.01.23-08.18.47:340][  0]LogConfig: Setting CVar [[r.SSS.SampleSet:2]]
[2019.01.23-08.18.47:340][  0]LogConfig: Setting CVar [[r.SSS.Quality:1]]
[2019.01.23-08.18.47:340][  0]LogConfig: Setting CVar [[r.SSS.HalfRes:1]]
[2019.01.23-08.18.47:340][  0]LogConfig: Setting CVar [[r.EmitterSpawnRateScale:1.0]]
[2019.01.23-08.18.47:340][  0]LogConfig: Setting CVar [[r.ParticleLightQuality:2]]
[2019.01.23-08.18.47:340][  0]LogConfig: Applying CVar settings from Section [FoliageQuality@3] File [C:/Users/Victor Weidar/Desktop/ProjectSpeallth/Project-Speallth/Project_Spellth 4.21/Saved/Config/Windows/Scalability.ini]
[2019.01.23-08.18.47:340][  0]LogConfig: Setting CVar [[foliage.DensityScale:1.0]]
[2019.01.23-08.18.47:340][  0]LogConfig: Setting CVar [[grass.DensityScale:1.0]]
[2019.01.23-08.18.47:340][  0]LogInit: Selected Device Profile: [Windows]
[2019.01.23-08.18.47:341][  0]LogInit: Applying CVar settings loaded from the selected device profile: [Windows]
[2019.01.23-08.18.47:374][  0]LogHAL: Display: Platform has ~ 32 GB [34304196608 / 34359738368 / 32], which maps to Largest [LargestMinGB=32, LargerMinGB=12, DefaultMinGB=8, SmallerMinGB=6, SmallestMinGB=0)
[2019.01.23-08.18.47:374][  0]LogConfig: Setting CVar [[r.Vulkan.UseRealUBs:1]]
[2019.01.23-08.18.47:375][  0]LogInit: Going up to parent DeviceProfile []
[2019.01.23-08.18.47:375][  0]LogConfig: Applying CVar settings from Section [ViewDistanceQuality@3] File [C:/Users/Victor Weidar/Desktop/ProjectSpeallth/Project-Speallth/Project_Spellth 4.21/Saved/Config/Windows/Scalability.ini]
[2019.01.23-08.18.47:375][  0]LogConfig: Setting CVar [[r.SkeletalMeshLODBias:0]]
[2019.01.23-08.18.47:375][  0]LogConfig: Setting CVar [[r.ViewDistanceScale:1.0]]
[2019.01.23-08.18.47:375][  0]LogConfig: Applying CVar settings from Section [AntiAliasingQuality@3] File [C:/Users/Victor Weidar/Desktop/ProjectSpeallth/Project-Speallth/Project_Spellth 4.21/Saved/Config/Windows/Scalability.ini]
[2019.01.23-08.18.47:375][  0]LogConfig: Setting CVar [[r.PostProcessAAQuality:4]]
[2019.01.23-08.18.47:375][  0]LogConfig: Applying CVar settings from Section [ShadowQuality@3] File [C:/Users/Victor Weidar/Desktop/ProjectSpeallth/Project-Speallth/Project_Spellth 4.21/Saved/Config/Windows/Scalability.ini]
[2019.01.23-08.18.47:375][  0]LogConfig: Setting CVar [[r.LightFunctionQuality:1]]
[2019.01.23-08.18.47:375][  0]LogConfig: Setting CVar [[r.ShadowQuality:5]]
[2019.01.23-08.18.47:375][  0]LogConfig: Setting CVar [[r.Shadow.CSM.MaxCascades:10]]
[2019.01.23-08.18.47:375][  0]LogConfig: Setting CVar [[r.Shadow.MaxResolution:2048]]
[2019.01.23-08.18.47:375][  0]LogConfig: Setting CVar [[r.Shadow.MaxCSMResolution:2048]]
[2019.01.23-08.18.47:375][  0]LogConfig: Setting CVar [[r.Shadow.RadiusThreshold:0.01]]
[2019.01.23-08.18.47:375][  0]LogConfig: Setting CVar [[r.Shadow.DistanceScale:1.0]]
[2019.01.23-08.18.47:375][  0]LogConfig: Setting CVar [[r.Shadow.CSM.TransitionScale:1.0]]
[2019.01.23-08.18.47:375][  0]LogConfig: Setting CVar [[r.Shadow.PreShadowResolutionFactor:1.0]]
[2019.01.23-08.18.47:375][  0]LogConfig: Setting CVar [[r.DistanceFieldShadowing:1]]
[2019.01.23-08.18.47:375][  0]LogConfig: Setting CVar [[r.DistanceFieldAO:1]]
[2019.01.23-08.18.47:375][  0]LogConfig: Setting CVar [[r.AOQuality:2]]
[2019.01.23-08.18.47:375][  0]LogConfig: Setting CVar [[r.VolumetricFog:1]]
[2019.01.23-08.18.47:375][  0]LogConfig: Setting CVar [[r.VolumetricFog.GridPixelSize:8]]
[2019.01.23-08.18.47:375][  0]LogConfig: Setting CVar [[r.VolumetricFog.GridSizeZ:128]]
[2019.01.23-08.18.47:375][  0]LogConfig: Setting CVar [[r.VolumetricFog.HistoryMissSupersampleCount:4]]
[2019.01.23-08.18.47:375][  0]LogConfig: Setting CVar [[r.LightMaxDrawDistanceScale:1]]
[2019.01.23-08.18.47:375][  0]LogConfig: Setting CVar [[r.CapsuleShadows:1]]
[2019.01.23-08.18.47:375][  0]LogConfig: Applying CVar settings from Section [PostProcessQuality@3] File [C:/Users/Victor Weidar/Desktop/ProjectSpeallth/Project-Speallth/Project_Spellth 4.21/Saved/Config/Windows/Scalability.ini]
[2019.01.23-08.18.47:375][  0]LogConfig: Setting CVar [[r.MotionBlurQuality:4]]
[2019.01.23-08.18.47:375][  0]LogConfig: Setting CVar [[r.AmbientOcclusionMipLevelFactor:0.4]]
[2019.01.23-08.18.47:375][  0]LogConfig: Setting CVar [[r.AmbientOcclusionMaxQuality:100]]
[2019.01.23-08.18.47:375][  0]LogConfig: Setting CVar [[r.AmbientOcclusionLevels:-1]]
[2019.01.23-08.18.47:375][  0]LogConfig: Setting CVar [[r.AmbientOcclusionRadiusScale:1.0]]
[2019.01.23-08.18.47:375][  0]LogConfig: Setting CVar [[r.DepthOfFieldQuality:2]]
[2019.01.23-08.18.47:375][  0]LogConfig: Setting CVar [[r.RenderTargetPoolMin:400]]
[2019.01.23-08.18.47:375][  0]LogConfig: Setting CVar [[r.LensFlareQuality:2]]
[2019.01.23-08.18.47:375][  0]LogConfig: Setting CVar [[r.SceneColorFringeQuality:1]]
[2019.01.23-08.18.47:375][  0]LogConfig: Setting CVar [[r.EyeAdaptationQuality:2]]
[2019.01.23-08.18.47:375][  0]LogConfig: Setting CVar [[r.BloomQuality:5]]
[2019.01.23-08.18.47:375][  0]LogConfig: Setting CVar [[r.FastBlurThreshold:100]]
[2019.01.23-08.18.47:375][  0]LogConfig: Setting CVar [[r.Upscale.Quality:3]]
[2019.01.23-08.18.47:375][  0]LogConfig: Setting CVar [[r.Tonemapper.GrainQuantization:1]]
[2019.01.23-08.18.47:375][  0]LogConfig: Setting CVar [[r.LightShaftQuality:1]]
[2019.01.23-08.18.47:375][  0]LogConfig: Setting CVar [[r.Filter.SizeScale:1]]
[2019.01.23-08.18.47:375][  0]LogConfig: Setting CVar [[r.Tonemapper.Quality:5]]
[2019.01.23-08.18.47:375][  0]LogConfig: Setting CVar [[r.DOF.Gather.AccumulatorQuality:1        ; higher gathering accumulator quality]]
[2019.01.23-08.18.47:375][  0]LogConfig: Setting CVar [[r.DOF.Gather.PostfilterMethod:1          ; Median3x3 postfilering method]]
[2019.01.23-08.18.47:375][  0]LogConfig: Setting CVar [[r.DOF.Gather.EnableBokehSettings:0       ; no bokeh simulation when gathering]]
[2019.01.23-08.18.47:375][  0]LogConfig: Setting CVar [[r.DOF.Gather.RingCount:4                 ; medium number of samples when gathering]]
[2019.01.23-08.18.47:375][  0]LogConfig: Setting CVar [[r.DOF.Scatter.ForegroundCompositing:1    ; additive foreground scattering]]
[2019.01.23-08.18.47:376][  0]LogConfig: Setting CVar [[r.DOF.Scatter.BackgroundCompositing:2    ; additive background scattering]]
[2019.01.23-08.18.47:376][  0]LogConfig: Setting CVar [[r.DOF.Scatter.EnableBokehSettings:1      ; bokeh simulation when scattering]]
[2019.01.23-08.18.47:376][  0]LogConfig: Setting CVar [[r.DOF.Scatter.MaxSpriteRatio:0.1         ; only a maximum of 10% of scattered bokeh]]
[2019.01.23-08.18.47:376][  0]LogConfig: Setting CVar [[r.DOF.Recombine.Quality:1                ; cheap slight out of focus]]
[2019.01.23-08.18.47:376][  0]LogConfig: Setting CVar [[r.DOF.Recombine.EnableBokehSettings:0    ; no bokeh simulation on slight out of focus]]
[2019.01.23-08.18.47:376][  0]LogConfig: Setting CVar [[r.DOF.TemporalAAQuality:1                ; more stable temporal accumulation]]
[2019.01.23-08.18.47:376][  0]LogConfig: Setting CVar [[r.DOF.Kernel.MaxForegroundRadius:0.025]]
[2019.01.23-08.18.47:376][  0]LogConfig: Setting CVar [[r.DOF.Kernel.MaxBackgroundRadius:0.025]]
[2019.01.23-08.18.47:376][  0]LogConfig: Applying CVar settings from Section [TextureQuality@3] File [C:/Users/Victor Weidar/Desktop/ProjectSpeallth/Project-Speallth/Project_Spellth 4.21/Saved/Config/Windows/Scalability.ini]
[2019.01.23-08.18.47:376][  0]LogConfig: Setting CVar [[r.Streaming.MipBias:0]]
[2019.01.23-08.18.47:376][  0]LogConfig: Setting CVar [[r.Streaming.AmortizeCPUToGPUCopy:0]]
[2019.01.23-08.18.47:376][  0]LogConfig: Setting CVar [[r.Streaming.MaxNumTexturesToStreamPerFrame:0]]
[2019.01.23-08.18.47:376][  0]LogConfig: Setting CVar [[r.Streaming.Boost:1]]
[2019.01.23-08.18.47:376][  0]LogConfig: Setting CVar [[r.MaxAnisotropy:8]]
[2019.01.23-08.18.47:376][  0]LogConfig: Setting CVar [[r.Streaming.LimitPoolSizeToVRAM:0]]
[2019.01.23-08.18.47:376][  0]LogConfig: Setting CVar [[r.Streaming.PoolSize:1000]]
[2019.01.23-08.18.47:376][  0]LogConfig: Setting CVar [[r.Streaming.MaxEffectiveScreenSize:0]]
[2019.01.23-08.18.47:376][  0]LogConfig: Applying CVar settings from Section [EffectsQuality@3] File [C:/Users/Victor Weidar/Desktop/ProjectSpeallth/Project-Speallth/Project_Spellth 4.21/Saved/Config/Windows/Scalability.ini]
[2019.01.23-08.18.47:376][  0]LogConfig: Setting CVar [[r.TranslucencyLightingVolumeDim:64]]
[2019.01.23-08.18.47:376][  0]LogConfig: Setting CVar [[r.RefractionQuality:2]]
[2019.01.23-08.18.47:376][  0]LogConfig: Setting CVar [[r.SSR.Quality:3]]
[2019.01.23-08.18.47:376][  0]LogConfig: Setting CVar [[r.SceneColorFormat:4]]
[2019.01.23-08.18.47:376][  0]LogConfig: Setting CVar [[r.DetailMode:2]]
[2019.01.23-08.18.47:376][  0]LogConfig: Setting CVar [[r.TranslucencyVolumeBlur:1]]
[2019.01.23-08.18.47:376][  0]LogConfig: Setting CVar [[r.MaterialQualityLevel:1 ; High quality]]
[2019.01.23-08.18.47:376][  0]LogConfig: Setting CVar [[r.SSS.Scale:1]]
[2019.01.23-08.18.47:376][  0]LogConfig: Setting CVar [[r.SSS.SampleSet:2]]
[2019.01.23-08.18.47:376][  0]LogConfig: Setting CVar [[r.SSS.Quality:1]]
[2019.01.23-08.18.47:376][  0]LogConfig: Setting CVar [[r.SSS.HalfRes:1]]
[2019.01.23-08.18.47:376][  0]LogConfig: Setting CVar [[r.EmitterSpawnRateScale:1.0]]
[2019.01.23-08.18.47:376][  0]LogConfig: Setting CVar [[r.ParticleLightQuality:2]]
[2019.01.23-08.18.47:376][  0]LogConfig: Applying CVar settings from Section [FoliageQuality@3] File [C:/Users/Victor Weidar/Desktop/ProjectSpeallth/Project-Speallth/Project_Spellth 4.21/Saved/Config/Windows/Scalability.ini]
[2019.01.23-08.18.47:376][  0]LogConfig: Setting CVar [[foliage.DensityScale:1.0]]
[2019.01.23-08.18.47:376][  0]LogConfig: Setting CVar [[grass.DensityScale:1.0]]
[2019.01.23-08.18.47:376][  0]LogConfig: Applying CVar settings from Section [Startup] File [../../../Engine/Config/ConsoleVariables.ini]
[2019.01.23-08.18.47:382][  0]LogConfig: Setting CVar [[net.UseAdaptiveNetUpdateFrequency:0]]
[2019.01.23-08.18.47:383][  0]LogConfig: Applying CVar settings from Section [ConsoleVariables] File [C:/Users/Victor Weidar/Desktop/ProjectSpeallth/Project-Speallth/Project_Spellth 4.21/Saved/Config/Windows/Engine.ini]
[2019.01.23-08.18.47:383][  0]LogInit: Computer: DESKTOP-LLJMLRC
[2019.01.23-08.18.47:383][  0]LogInit: User: VictorWeidar
[2019.01.23-08.18.47:383][  0]LogInit: CPU Page size=4096, Cores=8
[2019.01.23-08.18.47:383][  0]LogInit: High frequency timer resolution =10.000000 MHz
[2019.01.23-08.18.47:384][  0]LogMemory: Memory total: Physical=31.9GB (32GB approx)
[2019.01.23-08.18.47:384][  0]LogMemory: Platform Memory Stats for Windows
[2019.01.23-08.18.47:384][  0]LogMemory: Process Physical Memory: 105.73 MB used, 105.73 MB peak
[2019.01.23-08.18.47:384][  0]LogMemory: Process Virtual Memory: 91.27 MB used, 91.27 MB peak
[2019.01.23-08.18.47:384][  0]LogMemory: Physical Memory: 5487.61 MB used,  27227.42 MB free, 32715.03 MB total
[2019.01.23-08.18.47:384][  0]LogMemory: Virtual Memory: 4683.16 MB used,  134213048.00 MB free, 134217728.00 MB total
[2019.01.23-08.18.47:583][  0]LogInit: Using OS detected language (en-US).
[2019.01.23-08.18.47:583][  0]LogInit: Using OS detected locale (en-SE).
[2019.01.23-08.18.47:584][  0]LogTextLocalizationManager: No specific localization for 'en-US' exists, so the 'en' localization will be used.
[2019.01.23-08.18.48:062][  0]LogStreaming: Display: Took  0.479s to InitEngineTextLocalization.
[2019.01.23-08.18.48:062][  0]LogInit: Setting process to per monitor DPI aware
[2019.01.23-08.18.48:148][  0]LogSlate: New Slate User Created.  User Index 0, Is Virtual User: 0
[2019.01.23-08.18.48:148][  0]LogSlate: Slate User Registered.  User Index 0, Is Virtual User: 0
[2019.01.23-08.18.50:399][  0]LogHMD: Failed to initialize OpenVR with code 110
[2019.01.23-08.18.50:399][  0]LogD3D11RHI: D3D11 adapters:
[2019.01.23-08.18.50:448][  0]LogD3D11RHI:    0. 'Radeon RX 580 Series' (Feature Level 11_0)
[2019.01.23-08.18.50:448][  0]LogD3D11RHI:       8172/0/16357 MB DedicatedVideo/DedicatedSystem/SharedSystem, Outputs:1, VendorId:0x1002
[2019.01.23-08.18.50:451][  0]LogD3D11RHI:    1. 'Microsoft Basic Render Driver' (Feature Level 11_0)
[2019.01.23-08.18.50:451][  0]LogD3D11RHI:       0/0/16357 MB DedicatedVideo/DedicatedSystem/SharedSystem, Outputs:0, VendorId:0x1414
[2019.01.23-08.18.50:451][  0]LogD3D11RHI: Chosen D3D11 Adapter: 0
[2019.01.23-08.18.50:459][  0]LogD3D11RHI: Creating new Direct3DDevice
[2019.01.23-08.18.50:459][  0]LogD3D11RHI:     GPU DeviceId: 0x67df (for the marketing name, search the web for "GPU Device Id")
[2019.01.23-08.18.50:459][  0]LogWindows: EnumDisplayDevices:
[2019.01.23-08.18.50:459][  0]LogWindows:    0. 'Radeon RX 580 Series' (P:1 D:1)
[2019.01.23-08.18.50:460][  0]LogWindows:    1. 'Radeon RX 580 Series' (P:0 D:0)
[2019.01.23-08.18.50:460][  0]LogWindows:    2. 'Radeon RX 580 Series' (P:0 D:0)
[2019.01.23-08.18.50:460][  0]LogWindows:    3. 'Radeon RX 580 Series' (P:0 D:0)
[2019.01.23-08.18.50:460][  0]LogWindows:    4. 'Radeon RX 580 Series' (P:0 D:0)
[2019.01.23-08.18.50:460][  0]LogWindows:    5. 'Radeon RX 580 Series' (P:0 D:0)
[2019.01.23-08.18.50:461][  0]LogWindows:    6. 'Radeon RX 580 Series' (P:0 D:0)
[2019.01.23-08.18.50:461][  0]LogWindows:    7. 'Radeon RX 580 Series' (P:0 D:0)
[2019.01.23-08.18.50:461][  0]LogWindows: DebugString: FoundDriverCount:8 
[2019.01.23-08.18.50:461][  0]LogD3D11RHI:     Adapter Name: Radeon RX 580 Series
[2019.01.23-08.18.50:461][  0]LogD3D11RHI:   Driver Version: Adrenalin 2019 18.12.3 (internal:25.20.15003.5010, unified:25.20.15003.5010)
[2019.01.23-08.18.50:461][  0]LogD3D11RHI:      Driver Date: 12-17-2018
[2019.01.23-08.18.50:461][  0]LogRHI: Texture pool is 5720 MB (70% of 8172 MB)
[2019.01.23-08.18.50:507][  0]LogD3D11RHI: Async texture creation enabled
[2019.01.23-08.18.50:528][  0]LogD3D11RHI: GPU Timing Frequency: 25.000000 (Debug: 2 1)
[2019.01.23-08.18.50:878][  0]LogTemp: Display: Loaded TP AllDesktopTargetPlatform
[2019.01.23-08.18.50:904][  0]LogTemp: Display: Loaded TP MacClientTargetPlatform
[2019.01.23-08.18.50:920][  0]LogTemp: Display: Loaded TP MacNoEditorTargetPlatform
[2019.01.23-08.18.50:934][  0]LogTemp: Display: Loaded TP MacServerTargetPlatform
[2019.01.23-08.18.50:956][  0]LogTemp: Display: Loaded TP MacTargetPlatform
[2019.01.23-08.18.50:973][  0]LogTemp: Display: Loaded TP WindowsClientTargetPlatform
[2019.01.23-08.18.50:998][  0]LogTemp: Display: Loaded TP WindowsNoEditorTargetPlatform
[2019.01.23-08.18.51:021][  0]LogTemp: Display: Loaded TP WindowsServerTargetPlatform
[2019.01.23-08.18.51:034][  0]LogTemp: Display: Loaded TP WindowsTargetPlatform
[2019.01.23-08.18.51:142][  0]LogTemp: Display: Loaded TP AndroidTargetPlatform
[2019.01.23-08.18.51:142][  0]LogTemp: Display: Loaded TP AndroidTargetPlatform
[2019.01.23-08.18.51:142][  0]LogTemp: Display: Loaded TP AndroidTargetPlatform
[2019.01.23-08.18.51:142][  0]LogTemp: Display: Loaded TP AndroidTargetPlatform
[2019.01.23-08.18.51:142][  0]LogTemp: Display: Loaded TP AndroidTargetPlatform
[2019.01.23-08.18.51:142][  0]LogTemp: Display: Loaded TP AndroidTargetPlatform
[2019.01.23-08.18.51:142][  0]LogTemp: Display: Loaded TP AndroidTargetPlatform
[2019.01.23-08.18.51:142][  0]LogTemp: Display: Loaded TP AndroidTargetPlatform
[2019.01.23-08.18.51:142][  0]LogTemp: Display: Loaded TP AndroidTargetPlatform
[2019.01.23-08.18.51:142][  0]LogTemp: Display: Loaded TP AndroidTargetPlatform
[2019.01.23-08.18.51:142][  0]LogTemp: Display: Loaded TP AndroidTargetPlatform
[2019.01.23-08.18.51:142][  0]LogTemp: Display: Loaded TP AndroidTargetPlatform
[2019.01.23-08.18.51:142][  0]LogTemp: Display: Loaded TP AndroidTargetPlatform
[2019.01.23-08.18.51:142][  0]LogTemp: Display: Loaded TP AndroidTargetPlatform
[2019.01.23-08.18.51:142][  0]LogTemp: Display: Loaded TP AndroidTargetPlatform
[2019.01.23-08.18.51:142][  0]LogTemp: Display: Loaded TP AndroidTargetPlatform
[2019.01.23-08.18.51:142][  0]LogTemp: Display: Loaded TP AndroidTargetPlatform
[2019.01.23-08.18.51:142][  0]LogTemp: Display: Loaded TP AndroidTargetPlatform
[2019.01.23-08.18.51:146][  0]LogTemp: Display: Loaded TP HTML5TargetPlatform
[2019.01.23-08.18.51:236][  0]LogTemp: Display: Loaded TP IOSTargetPlatform
[2019.01.23-08.18.51:236][  0]LogTemp: Display: Loaded TP IOSTargetPlatform
[2019.01.23-08.18.51:260][  0]LogTemp: Display: Loaded TP TVOSTargetPlatform
[2019.01.23-08.18.51:260][  0]LogTemp: Display: Loaded TP TVOSTargetPlatform
[2019.01.23-08.18.51:273][  0]LogTemp: Display: Loaded TP LinuxClientTargetPlatform
[2019.01.23-08.18.51:287][  0]LogTemp: Display: Loaded TP LinuxNoEditorTargetPlatform
[2019.01.23-08.18.51:300][  0]LogTemp: Display: Loaded TP LinuxServerTargetPlatform
[2019.01.23-08.18.51:327][  0]LogTemp: Display: Loaded TP LinuxTargetPlatform
[2019.01.23-08.18.51:378][  0]LogTemp: Display: Loaded TP LuminTargetPlatform
[2019.01.23-08.18.51:378][  0]LogTemp: Display: Loaded TP LuminTargetPlatform
[2019.01.23-08.18.51:378][  0]LogTargetPlatformManager: Display: Building Assets For Windows
[2019.01.23-08.18.51:511][  0]LogShaderCompilers: Guid format shader working directory is -45 characters bigger than the processId version (../../../../../../Users/Victor Weidar/Desktop/ProjectSpeallth/Project-Speallth/Project_Spellth 4.21/Intermediate/Shaders/WorkingDirectory/7560/).
[2019.01.23-08.18.51:511][  0]LogShaderCompilers: Cleaned the shader compiler working directory 'C:/Users/Victor Weidar/AppData/Local/Temp/UnrealShaderWorkingDir/108E12C248C85D0D51CF80A0964004EA/'.
[2019.01.23-08.18.51:513][  0]LogXGEController: Cleaning working directory: C:/Users/Victor Weidar/AppData/Local/Temp/UnrealXGEWorkingDir/
[2019.01.23-08.18.51:513][  0]LogXGEController: Cannot use XGE Controller as Incredibuild is not installed on this machine.
[2019.01.23-08.18.51:514][  0]LogShaderCompilers: Cannot use XGE Shader Compiler as Incredibuild is not installed on this machine.
[2019.01.23-08.18.51:514][  0]LogShaderCompilers: Display: Using Local Shader Compiler.
[2019.01.23-08.18.53:135][  0]LogDerivedDataCache: Display: Max Cache Size: 512 MB
[2019.01.23-08.18.53:335][  0]LogDerivedDataCache: Loaded boot cache 0.20s 71MB C:/Users/Victor Weidar/AppData/Local/UnrealEngine/4.21/DerivedDataCache/Boot.ddc.
[2019.01.23-08.18.53:335][  0]LogDerivedDataCache: Display: Loaded Boot cache: C:/Users/Victor Weidar/AppData/Local/UnrealEngine/4.21/DerivedDataCache/Boot.ddc
[2019.01.23-08.18.53:335][  0]LogDerivedDataCache: FDerivedDataBackendGraph:  Pak pak cache file ../../../../../../Users/Victor Weidar/Desktop/ProjectSpeallth/Project-Speallth/Project_Spellth 4.21/DerivedDataCache/DDC.ddp not found, will not use a pak cache.
[2019.01.23-08.18.53:335][  0]LogDerivedDataCache: Unable to find inner node Pak for hierarchical cache Hierarchy.
[2019.01.23-08.18.53:335][  0]LogDerivedDataCache: FDerivedDataBackendGraph:  CompressedPak pak cache file ../../../../../../Users/Victor Weidar/Desktop/ProjectSpeallth/Project-Speallth/Project_Spellth 4.21/DerivedDataCache/Compressed.ddp not found, will not use a pak cache.
[2019.01.23-08.18.53:335][  0]LogDerivedDataCache: Unable to find inner node CompressedPak for hierarchical cache Hierarchy.
[2019.01.23-08.18.53:366][  0]LogDerivedDataCache: Display: Pak cache opened for reading ../../../Engine/DerivedDataCache/Compressed.ddp.
[2019.01.23-08.18.53:367][  0]LogDerivedDataCache: FDerivedDataBackendGraph:  EnterprisePak pak cache file ../../../Enterprise/DerivedDataCache/Compressed.ddp not found, will not use a pak cache.
[2019.01.23-08.18.53:367][  0]LogDerivedDataCache: Unable to find inner node EnterprisePak for hierarchical cache Hierarchy.
[2019.01.23-08.18.53:379][  0]LogDerivedDataCache: Using Local data cache path C:/Users/Victor Weidar/AppData/Local/UnrealEngine/Common/DerivedDataCache: Writable
[2019.01.23-08.18.53:379][  0]LogDerivedDataCache: Shared data cache path not found in *engine.ini, will not use an Shared cache.
[2019.01.23-08.18.53:379][  0]LogDerivedDataCache: Unable to find inner node Shared for hierarchical cache Hierarchy.
[2019.01.23-08.18.53:400][  0]LogMaterial: Verifying Global Shaders for PCD3D_SM5
[2019.01.23-08.18.53:405][  0]LogSlate: Using FreeType 2.6.0
[2019.01.23-08.18.53:426][  0]LogSlate: SlateFontServices - WITH_FREETYPE: 1, WITH_HARFBUZZ: 1
[2019.01.23-08.18.53:697][  0]LogAssetRegistry: FAssetRegistry took 0.0418 seconds to start up
[2019.01.23-08.18.54:060][  0]LogInit: Selected Device Profile: [Windows]
[2019.01.23-08.18.54:359][  0]LogSimplygon: Simplygon DLL not present - disabling.
[2019.01.23-08.18.54:375][  0]LogMeshReduction: Using SimplygonSwarm for distributed automatic mesh merging
[2019.01.23-08.18.54:376][  0]LogMeshReduction: Using ProxyLODMeshReduction for automatic mesh merging
[2019.01.23-08.18.54:376][  0]LogMeshReduction: Using QuadricMeshReduction for automatic static mesh reduction
[2019.01.23-08.18.54:376][  0]LogMeshReduction: No automatic skeletal mesh reduction module available
[2019.01.23-08.18.54:418][  0]LogNetVersion: Project_Spellth 1.0.0, NetCL: 4541578, EngineNetVer: 5, GameNetVer: 0 (Checksum: 649626407)
[2019.01.23-08.18.55:505][  0]LogPackageLocalizationCache: Processed 11 localized package path(s) for 2 prioritized culture(s) in 0.126105 seconds
[2019.01.23-08.18.55:515][  0]LogUObjectArray: 39775 objects as part of root set at end of initial load.
[2019.01.23-08.18.55:515][  0]LogUObjectAllocator: 6914656 out of 0 bytes used by permanent object pool.
[2019.01.23-08.18.55:515][  0]LogUObjectArray: CloseDisregardForGC: 0/0 objects in disregard for GC pool
[2019.01.23-08.18.58:425][  0]LogTcpMessaging: Initializing TcpMessaging bridge
[2019.01.23-08.18.58:440][  0]LogUdpMessaging: Initializing bridge on interface 0.0.0.0:0 to multicast group 230.0.0.1:6666.
[2019.01.23-08.18.59:179][  0]SourceControl: Source control is disabled
[2019.01.23-08.19.00:148][  0]LogAndroidPermission: UAndroidPermissionCallbackProxy::GetInstance
[2019.01.23-08.19.00:221][  0]LogOcInput: OculusInput pre-init called
[2019.01.23-08.19.00:408][  0]LogEngine: Initializing Engine...
[2019.01.23-08.19.00:409][  0]LogHMD: Failed to initialize OpenVR with code 110
[2019.01.23-08.19.00:412][  0]LogStats: UGameplayTagsManager::ConstructGameplayTagTree: ImportINI prefixes -  0.000 s
[2019.01.23-08.19.00:412][  0]LogStats: UGameplayTagsManager::ConstructGameplayTagTree: Construct from data asset -  0.000 s
[2019.01.23-08.19.00:412][  0]LogStats: UGameplayTagsManager::ConstructGameplayTagTree: ImportINI -  0.000 s
[2019.01.23-08.19.00:412][  0]LogStats: UGameplayTagsManager::ConstructGameplayTagTree: GameplayTagTreeChangedEvent.Broadcast -  0.000 s
[2019.01.23-08.19.00:619][  0]LogInit: Initializing FReadOnlyCVARCache
[2019.01.23-08.19.00:660][  0]LogAIModule: Creating AISystem for world Untitled
[2019.01.23-08.19.00:689][  0]LogInit: XAudio2 using '4 - 2460G4 (AMD High Definition Audio Device)' : 2 channels at 48 kHz using 16 bits per sample (channel mask 0x3)
[2019.01.23-08.19.00:720][  0]LogInit: FAudioDevice initialized.
[2019.01.23-08.19.00:720][  0]LogNetVersion: Set ProjectVersion to 1.0.0.0. Version Checksum will be recalculated on next use.
[2019.01.23-08.19.00:817][  0]LogDerivedDataCache: Saved boot cache 0.10s 71MB C:/Users/Victor Weidar/AppData/Local/UnrealEngine/4.21/DerivedDataCache/Boot.ddc.
[2019.01.23-08.19.00:825][  0]LogInit: Texture streaming: Enabled
[2019.01.23-08.19.00:849][  0]LogEngineSessionManager: EngineSessionManager initialized
[2019.01.23-08.19.00:873][  0]LogInit: Transaction tracking system initialized
[2019.01.23-08.19.00:926][  0]BlueprintLog: New page: Editor Load
[2019.01.23-08.19.01:115][  0]LocalizationService: Localization service is disabled
[2019.01.23-08.19.01:671][  0]LogFileCache: Scanning file cache for directory 'C:/Users/Victor Weidar/Desktop/ProjectSpeallth/Project-Speallth/Project_Spellth 4.21/Content/' took 0.02s
[2019.01.23-08.19.01:671][  0]LogCook: Display: Max memory allowance for cook 16384mb min free memory 0mb
[2019.01.23-08.19.01:671][  0]LogCook: Display: Mobile HDR setting 1
[2019.01.23-08.19.01:671][  0]LogGameplayTags: Display: UGameplayTagsManager::DoneAddingNativeTags. DelegateIsBound: 0
[2019.01.23-08.19.01:671][  0]LogStats: UGameplayTagsManager::ConstructGameplayTagTree: ImportINI prefixes -  0.000 s
[2019.01.23-08.19.01:671][  0]LogStats: UGameplayTagsManager::ConstructGameplayTagTree: Construct from data asset -  0.000 s
[2019.01.23-08.19.01:671][  0]LogStats: UGameplayTagsManager::ConstructGameplayTagTree: ImportINI -  0.000 s
[2019.01.23-08.19.01:671][  0]LogStats: UGameplayTagsManager::ConstructGameplayTagTree: GameplayTagTreeChangedEvent.Broadcast -  0.000 s
[2019.01.23-08.19.01:931][  0]LightingResults: New page: Lighting Build
[2019.01.23-08.19.01:939][  0]MapCheck: New page: Map Check
[2019.01.23-08.19.01:939][  0]LightingResults: New page: Lighting Build
[2019.01.23-08.19.02:137][  0]LogBlueprint: Warning: [Compiler Ue4ASP_Character] InputAction Event references unknown Action 'Crouch' for  InputAction Crouch
[2019.01.23-08.19.02:137][  0]LogBlueprint: Warning: [Compiler Ue4ASP_Character] InputAction Event references unknown Action 'Jump' for  InputAction Jump
[2019.01.23-08.19.02:137][  0]LogBlueprint: Warning: [Compiler Ue4ASP_Character] Input Axis Event references unknown Axis 'MoveForward' for  InputAxis MoveForward
[2019.01.23-08.19.02:138][  0]LogBlueprint: Warning: [Compiler Ue4ASP_Character] Input Axis Event references unknown Axis 'LookUp' for  InputAxis LookUp
[2019.01.23-08.19.02:138][  0]LogBlueprint: Warning: [Compiler Ue4ASP_Character] Input Axis Event references unknown Axis 'Turn' for  InputAxis Turn
[2019.01.23-08.19.02:148][  0]LogBlueprint: Warning: [Compiler Ue4ASP_Character] [0019.45] Compile of Ue4ASP_Character successful, but with 5 Warning(s) [in 50 ms] (/Game/AnimStarterPack/Ue4ASP_Character.Ue4ASP_Character)
[2019.01.23-08.19.02:929][  0]LogAIModule: Creating AISystem for world Minimal_Default
[2019.01.23-08.19.02:956][  0]LogEditorServer: Finished looking for orphan Actors (0.000 secs)
[2019.01.23-08.19.03:009][  0]Cmd: MAP CHECKDEP NOCLEARLOG
[2019.01.23-08.19.03:009][  0]MapCheck: Map check complete: 0 Error(s), 0 Warning(s), took 0.147ms to complete.
[2019.01.23-08.19.03:009][  0]LogFileHelpers: Loading map 'Minimal_Default' took 1.079
[2019.01.23-08.19.03:171][  0]LogSlate: Updating window title bar state: overlay mode, drag disabled, window buttons hidden, title bar hidden
[2019.01.23-08.19.03:184][  0]LogSlate: Updating window title bar state: overlay mode, drag disabled, window buttons hidden, title bar hidden
[2019.01.23-08.19.03:195][  0]LogSlate: Updating window title bar state: overlay mode, drag disabled, window buttons hidden, title bar hidden
[2019.01.23-08.19.03:202][  0]LogSlate: Updating window title bar state: overlay mode, drag disabled, window buttons hidden, title bar hidden
[2019.01.23-08.19.03:219][  0]LogCollectionManager: Loaded 0 collections in 0.001559 seconds
[2019.01.23-08.19.03:272][  0]LogFileCache: Scanning file cache for directory 'C:/Users/Victor Weidar/Desktop/ProjectSpeallth/Project-Speallth/Project_Spellth 4.21/Saved/Collections/' took 0.01s
[2019.01.23-08.19.03:272][  0]LogFileCache: Scanning file cache for directory 'C:/Users/Victor Weidar/Desktop/ProjectSpeallth/Project-Speallth/Project_Spellth 4.21/Content/Developers/VictorWeidar/Collections/' took 0.01s
[2019.01.23-08.19.03:272][  0]LogFileCache: Scanning file cache for directory 'C:/Users/Victor Weidar/Desktop/ProjectSpeallth/Project-Speallth/Project_Spellth 4.21/Content/Collections/' took 0.01s
[2019.01.23-08.19.03:272][  0]LogCollectionManager: Rebuilt the GUID cache for 0 collections in 0.000000 seconds
[2019.01.23-08.19.03:289][  0]LogContentBrowser: Native class hierarchy populated in 0.0159 seconds. Added 2651 classes and 620 folders.
[2019.01.23-08.19.03:304][  0]LogContentBrowser: Native class hierarchy updated for 'WidgetCarousel' in 0.0004 seconds. Added 0 classes and 0 folders.
[2019.01.23-08.19.03:314][  0]LogPakFile: Registered encryption key '00000000000000000000000000000000': 0 pak files mounted, 0 remain pending
[2019.01.23-08.19.03:321][  0]LogPakFile: Registered encryption key '00000000000000000000000000000000': 0 pak files mounted, 0 remain pending
[2019.01.23-08.19.03:346][  0]LogPakFile: Registered encryption key '00000000000000000000000000000000': 0 pak files mounted, 0 remain pending
[2019.01.23-08.19.03:351][  0]LogPakFile: Registered encryption key '00000000000000000000000000000000': 0 pak files mounted, 0 remain pending
[2019.01.23-08.19.03:357][  0]LogPakFile: Registered encryption key '00000000000000000000000000000000': 0 pak files mounted, 0 remain pending
[2019.01.23-08.19.03:364][  0]LogPakFile: Registered encryption key '00000000000000000000000000000000': 0 pak files mounted, 0 remain pending
[2019.01.23-08.19.03:371][  0]LogPakFile: Registered encryption key '00000000000000000000000000000000': 0 pak files mounted, 0 remain pending
[2019.01.23-08.19.03:376][  0]LogPakFile: Registered encryption key '00000000000000000000000000000000': 0 pak files mounted, 0 remain pending
[2019.01.23-08.19.03:382][  0]LogPakFile: Registered encryption key '00000000000000000000000000000000': 0 pak files mounted, 0 remain pending
[2019.01.23-08.19.03:389][  0]LogPakFile: Registered encryption key '00000000000000000000000000000000': 0 pak files mounted, 0 remain pending
[2019.01.23-08.19.03:395][  0]LogPakFile: Registered encryption key '00000000000000000000000000000000': 0 pak files mounted, 0 remain pending
[2019.01.23-08.19.03:400][  0]LogPakFile: Registered encryption key '00000000000000000000000000000000': 0 pak files mounted, 0 remain pending
[2019.01.23-08.19.03:406][  0]LogPakFile: Registered encryption key '00000000000000000000000000000000': 0 pak files mounted, 0 remain pending
[2019.01.23-08.19.03:412][  0]LogPakFile: Registered encryption key '00000000000000000000000000000000': 0 pak files mounted, 0 remain pending
[2019.01.23-08.19.03:417][  0]LogPakFile: Registered encryption key '00000000000000000000000000000000': 0 pak files mounted, 0 remain pending
[2019.01.23-08.19.03:422][  0]LogPakFile: Registered encryption key '00000000000000000000000000000000': 0 pak files mounted, 0 remain pending
[2019.01.23-08.19.03:455][  0]LogPakFile: Registered encryption key '00000000000000000000000000000000': 0 pak files mounted, 0 remain pending
[2019.01.23-08.19.03:461][  0]LogPakFile: Registered encryption key '00000000000000000000000000000000': 0 pak files mounted, 0 remain pending
[2019.01.23-08.19.03:466][  0]LogPakFile: Registered encryption key '00000000000000000000000000000000': 0 pak files mounted, 0 remain pending
[2019.01.23-08.19.03:471][  0]LogPakFile: Registered encryption key '00000000000000000000000000000000': 0 pak files mounted, 0 remain pending
[2019.01.23-08.19.03:512][  0]LogPakFile: Registered encryption key '00000000000000000000000000000000': 0 pak files mounted, 0 remain pending
[2019.01.23-08.19.03:517][  0]LogPakFile: Registered encryption key '00000000000000000000000000000000': 0 pak files mounted, 0 remain pending
[2019.01.23-08.19.03:522][  0]LogPakFile: Registered encryption key '00000000000000000000000000000000': 0 pak files mounted, 0 remain pending
[2019.01.23-08.19.03:527][  0]LogPakFile: Registered encryption key '00000000000000000000000000000000': 0 pak files mounted, 0 remain pending
[2019.01.23-08.19.03:532][  0]LogPakFile: Registered encryption key '00000000000000000000000000000000': 0 pak files mounted, 0 remain pending
[2019.01.23-08.19.03:537][  0]LogPakFile: Registered encryption key '00000000000000000000000000000000': 0 pak files mounted, 0 remain pending
[2019.01.23-08.19.03:695][  0]LogContentBrowser: Native class hierarchy updated for 'AddContentDialog' in 0.0004 seconds. Added 0 classes and 0 folders.
[2019.01.23-08.19.03:713][  0]LogContentBrowser: Native class hierarchy updated for 'WorldBrowser' in 0.0004 seconds. Added 2 classes and 3 folders.
[2019.01.23-08.19.03:735][  0]LogContentBrowser: Native class hierarchy updated for 'SceneOutliner' in 0.0005 seconds. Added 1 classes and 2 folders.
[2019.01.23-08.19.03:789][  0]LogSlate: Took 0.006095 seconds to synchronously load lazily loaded font '../../../Engine/Content/Slate/Fonts/Roboto-Regular.ttf' (155K)
[2019.01.23-08.19.03:799][  0]LogSlate: Took 0.006537 seconds to synchronously load lazily loaded font '../../../Engine/Content/Slate/Fonts/Roboto-Bold.ttf' (160K)
[2019.01.23-08.19.03:815][  0]LogSlate: Took 0.007161 seconds to synchronously load lazily loaded font '../../../Engine/Content/Editor/Slate/Fonts/FontAwesome.ttf' (139K)
[2019.01.23-08.19.03:944][  0]LogRenderer: Reallocating scene render targets to support 1052x588 Format 10 NumSamples 1 (Frame:1).
[2019.01.23-08.19.04:132][  0]LogContentBrowser: Native class hierarchy updated for 'HierarchicalLODOutliner' in 0.0004 seconds. Added 0 classes and 0 folders.
[2019.01.23-08.19.04:132][  0]LogLoad: (Engine Initialization) Total time: 21.44 seconds
[2019.01.23-08.19.04:132][  0]LogLoad: (Engine Initialization) Total Blueprint compile time: 0.00 seconds
[2019.01.23-08.19.04:211][  0]LogContentStreaming: Texture pool size now 1000 MB
[2019.01.23-08.19.04:255][  0]LogSlate: Took 0.006478 seconds to synchronously load lazily loaded font '../../../Engine/Content/Slate/Fonts/Roboto-Light.ttf' (167K)
[2019.01.23-08.19.04:480][  4]LogAssetRegistry: Asset discovery search completed in 10.8055 seconds
[2019.01.23-08.19.04:482][  4]LogCollectionManager: Rebuilt the object cache for 0 collections in 0.000001 seconds (found 0 objects)
[2019.01.23-08.19.04:482][  4]LogCollectionManager: Fixed up redirectors for 0 collections in 0.000055 seconds (updated 0 objects)
[2019.01.23-08.19.05:805][  8]LogSlate: Took 0.000173 seconds to synchronously load lazily loaded font '../../../Engine/Content/Slate/Fonts/Roboto-Light.ttf' (167K)
[2019.01.23-08.20.02:961][796]LogSlate: FSceneViewport::OnFocusLost() reason 0
[2019.01.23-08.20.05:698][113]LogSlate: FSceneViewport::OnFocusLost() reason 0
[2019.01.23-08.20.07:067][276]LogTemp: Repeating last play command: Selected Viewport
[2019.01.23-08.20.07:091][276]LogBlueprintUserMessages: Early PlayInEditor Detection: Level '/Game/StarterContent/Maps/Minimal_Default.Minimal_Default:PersistentLevel' has LevelScriptBlueprint '/Game/StarterContent/Maps/Minimal_Default.Minimal_Default:PersistentLevel.Minimal_Default' with GeneratedClass '/Game/StarterContent/Maps/Minimal_Default.Minimal_Default_C' with ClassGeneratedBy '/Game/StarterContent/Maps/Minimal_Default.Minimal_Default:PersistentLevel.Minimal_Default'
[2019.01.23-08.20.07:092][276]LogPlayLevel: PlayLevel: No blueprints needed recompiling
[2019.01.23-08.20.07:093][276]PIE: New page: PIE session: Minimal_Default (Jan 23, 2019, 10:20:07 AM)
[2019.01.23-08.20.07:104][276]LogPlayLevel: Creating play world package: /Game/StarterContent/Maps/UEDPIE_0_Minimal_Default
[2019.01.23-08.20.07:109][276]LogPlayLevel: PIE: StaticDuplicateObject took: (0.005051s)
[2019.01.23-08.20.07:110][276]LogAIModule: Creating AISystem for world Minimal_Default
[2019.01.23-08.20.07:110][276]LogPlayLevel: PIE: World Init took: (0.000535s)
[2019.01.23-08.20.07:110][276]LogPlayLevel: PIE: Created PIE world by copying editor world from /Game/StarterContent/Maps/Minimal_Default.Minimal_Default to /Game/StarterContent/Maps/UEDPIE_0_Minimal_Default.Minimal_Default (0.005855s)
[2019.01.23-08.20.07:157][276]LogInit: XAudio2 using '4 - 2460G4 (AMD High Definition Audio Device)' : 2 channels at 48 kHz using 16 bits per sample (channel mask 0x3)
[2019.01.23-08.20.07:166][276]LogInit: FAudioDevice initialized.
[2019.01.23-08.20.07:561][276]LogLoad: Game class is 'MyGamemode_C'
[2019.01.23-08.20.07:565][276]LogWorld: Bringing World /Game/StarterContent/Maps/UEDPIE_0_Minimal_Default.Minimal_Default up for play (max tick rate 0) at 2019.01.23-09.20.07
[2019.01.23-08.20.07:568][276]LogWorld: Bringing up level for play took: 0.005074
[2019.01.23-08.20.07:590][276]LogContentBrowser: Native class hierarchy updated for 'MovieSceneCapture' in 0.0005 seconds. Added 20 classes and 0 folders.
[2019.01.23-08.20.07:600][276]LogScript: Warning: Script Msg: Attempted to access index 0 from array 'Inventory' of length 0 in '/Game/ProjectSpellth/Blueprints/Inventory/BPC_InventoryComponent.BPC_InventoryComponent_C'!
[2019.01.23-08.20.07:601][276]LogScript: Warning: Script Msg: Attempted to access index 1 from array 'Inventory' of length 0 in '/Game/ProjectSpellth/Blueprints/Inventory/BPC_InventoryComponent.BPC_InventoryComponent_C'!
[2019.01.23-08.20.07:601][276]LogScript: Warning: Script Msg: Attempted to access index 2 from array 'Inventory' of length 0 in '/Game/ProjectSpellth/Blueprints/Inventory/BPC_InventoryComponent.BPC_InventoryComponent_C'!
[2019.01.23-08.20.07:602][276]LogScript: Warning: Script Msg: Attempted to access index 3 from array 'Inventory' of length 0 in '/Game/ProjectSpellth/Blueprints/Inventory/BPC_InventoryComponent.BPC_InventoryComponent_C'!
[2019.01.23-08.20.07:602][276]LogScript: Warning: Script Msg: Attempted to access index 4 from array 'Inventory' of length 0 in '/Game/ProjectSpellth/Blueprints/Inventory/BPC_InventoryComponent.BPC_InventoryComponent_C'!
[2019.01.23-08.20.07:603][276]PIE: Play in editor start time for /Game/StarterContent/Maps/UEDPIE_0_Minimal_Default 0.159
[2019.01.23-08.20.07:603][276]LogBlueprintUserMessages: Late PlayInEditor Detection: Level '/Game/StarterContent/Maps/Minimal_Default.Minimal_Default:PersistentLevel' has LevelScriptBlueprint '/Game/StarterContent/Maps/Minimal_Default.Minimal_Default:PersistentLevel.Minimal_Default' with GeneratedClass '/Game/StarterContent/Maps/Minimal_Default.Minimal_Default_C' with ClassGeneratedBy '/Game/StarterContent/Maps/Minimal_Default.Minimal_Default:PersistentLevel.Minimal_Default'
[2019.01.23-08.20.12:436][850]LogBlueprintUserMessages: Early EndPlayMap Detection: Level '/Game/StarterContent/Maps/Minimal_Default.Minimal_Default:PersistentLevel' has LevelScriptBlueprint '/Game/StarterContent/Maps/Minimal_Default.Minimal_Default:PersistentLevel.Minimal_Default' with GeneratedClass '/Game/StarterContent/Maps/Minimal_Default.Minimal_Default_C' with ClassGeneratedBy '/Game/StarterContent/Maps/Minimal_Default.Minimal_Default:PersistentLevel.Minimal_Default'
[2019.01.23-08.20.12:436][850]LogSlate: Updating window title bar state: overlay mode, drag disabled, window buttons hidden, title bar hidden
[2019.01.23-08.20.12:473][850]LogPlayLevel: Display: Shutting down PIE online subsystems
[2019.01.23-08.20.12:474][850]LogBlueprintUserMessages: Late EndPlayMap Detection: Level '/Game/StarterContent/Maps/Minimal_Default.Minimal_Default:PersistentLevel' has LevelScriptBlueprint '/Game/StarterContent/Maps/Minimal_Default.Minimal_Default:PersistentLevel.Minimal_Default' with GeneratedClass '/Game/StarterContent/Maps/Minimal_Default.Minimal_Default_C' with ClassGeneratedBy '/Game/StarterContent/Maps/Minimal_Default.Minimal_Default:PersistentLevel.Minimal_Default'
[2019.01.23-08.20.12:516][850]LogSlate: Updating window title bar state: overlay mode, drag disabled, window buttons hidden, title bar hidden
[2019.01.23-08.20.12:567][852]LogPlayLevel: Display: Destroying online subsystem :Context_1
[2019.01.23-08.31.12:888][975]LogWindowsTextInputMethodSystem: Display: IME system now deactivated.
[2019.01.23-08.31.12:888][975]LogWindowsTextInputMethodSystem: Display: IME system now deactivated.
[2019.01.23-08.31.14:944][194]LogSlate: FSceneViewport::OnFocusLost() reason 0
[2019.01.23-08.31.30:829][336]LogFactory: FactoryCreateFile: StaticMesh with FbxFactory (0 0 ../../../../../../Users/Victor Weidar/Desktop/ProjectSpeallth/Models/SpellScroll.fbx)
[2019.01.23-08.31.30:862][336]LogFbx: Loading FBX Scene from ../../../../../../Users/Victor Weidar/Desktop/ProjectSpeallth/Models/SpellScroll.fbx
[2019.01.23-08.31.30:876][336]LogFbx: FBX Scene Loaded Succesfully
[2019.01.23-08.31.40:914][336]LogSlate: Window 'FBX Import Options' being destroyed
[2019.01.23-08.31.41:102][336]LogMaterial: Display: Missing cached shader map for material M_Binder, compiling. 
[2019.01.23-08.31.41:145][336]LogShaderCompilers: Display: Shaders left to compile 22
[2019.01.23-08.31.41:145][336]LogShaderCompilers: Display: Shaders left to compile 12
[2019.01.23-08.31.41:145][336]LogShaderCompilers: Display: Shaders left to compile 2
[2019.01.23-08.31.41:147][336]LogMaterial: Display: Missing cached shader map for material M_Paper, compiling. 
[2019.01.23-08.31.41:158][336]LogFbx: Warning: Triangulating static mesh Cylinder
[2019.01.23-08.31.41:189][336]LogShaderCompilers: Display: Shaders left to compile 22
[2019.01.23-08.31.41:189][336]LogShaderCompilers: Display: Shaders left to compile 12
[2019.01.23-08.31.41:189][336]LogShaderCompilers: Display: Shaders left to compile 2
[2019.01.23-08.31.41:219][336]LogStaticMesh: Building static mesh SpellScroll...
[2019.01.23-08.31.41:246][336]LogStaticMesh: Built static mesh [0.03s] /Game/ProjectSpellth/Placeholders/SpellScroll/SpellScroll.SpellScroll
[2019.01.23-08.31.41:264][336]FBXImport: Warning: No smoothing group information was found in this FBX scene.  Please make sure to enable the 'Export Smoothing Groups' option in the FBX Exporter plug-in before exporting the file.  Even for tools that don't support smoothing groups, the FBX Exporter will generate appropriate smoothing data at export-time so that correct vertex normals can be inferred while importing. 
[2019.01.23-08.31.43:080][502]LogSlate: Window 'Message Log' being destroyed
[2019.01.23-08.31.43:084][502]LogSlate: Window 'Message Log' being destroyed
[2019.01.23-08.31.45:022][670]LogActorFactory: Actor Factory created SpellScroll
[2019.01.23-08.31.46:303][818]LogSlate: FSceneViewport::OnFocusLost() reason 2
[2019.01.23-08.32.02:141][162]LogSlate: Window 'Delete Assets' being destroyed
[2019.01.23-08.32.05:076][260]LogFactory: FactoryCreateFile: StaticMesh with FbxFactory (0 0 ../../../../../../Users/Victor Weidar/Desktop/ProjectSpeallth/Models/SpellScroll.fbx)
[2019.01.23-08.32.05:091][260]LogFbx: Loading FBX Scene from ../../../../../../Users/Victor Weidar/Desktop/ProjectSpeallth/Models/SpellScroll.fbx
[2019.01.23-08.32.05:101][260]LogFbx: FBX Scene Loaded Succesfully
[2019.01.23-08.32.11:585][260]LogSlate: Window 'FBX Import Options' being destroyed
[2019.01.23-08.32.11:628][260]LogFbx: Warning: Triangulating static mesh Cylinder
[2019.01.23-08.32.11:658][260]LogStaticMesh: Building static mesh SpellScroll...
[2019.01.23-08.32.11:676][260]LogStaticMesh: Built static mesh [0.02s] /Game/ProjectSpellth/Placeholders/SpellScroll/SpellScroll.SpellScroll
[2019.01.23-08.32.11:685][260]FBXImport: Warning: No smoothing group information was found in this FBX scene.  Please make sure to enable the 'Export Smoothing Groups' option in the FBX Exporter plug-in before exporting the file.  Even for tools that don't support smoothing groups, the FBX Exporter will generate appropriate smoothing data at export-time so that correct vertex normals can be inferred while importing. 
[2019.01.23-08.32.14:520][532]LogSlate: Window 'Message Log' being destroyed
[2019.01.23-08.32.14:523][532]LogSlate: Window 'Message Log' being destroyed
[2019.01.23-08.32.15:409][616]LogActorFactory: Actor Factory created SpellScroll
[2019.01.23-08.32.16:590][753]LogSlate: FSceneViewport::OnFocusLost() reason 2
[2019.01.23-08.32.19:780][856]LogSlate: Window 'Delete Assets' being destroyed
[2019.01.23-08.32.19:784][856]LogSlate: FSceneViewport::OnFocusLost() reason 2
[2019.01.23-08.32.19:794][856]LogSlate: FSceneViewport::OnFocusLost() reason 2
[2019.01.23-08.32.22:567][944]LogSlate: FSceneViewport::OnFocusLost() reason 2
[2019.01.23-08.32.22:621][944]LogFactory: FactoryCreateFile: StaticMesh with FbxFactory (0 0 ../../../../../../Users/Victor Weidar/Desktop/ProjectSpeallth/Models/SpellScroll.fbx)
[2019.01.23-08.32.22:632][944]LogFbx: Loading FBX Scene from ../../../../../../Users/Victor Weidar/Desktop/ProjectSpeallth/Models/SpellScroll.fbx
[2019.01.23-08.32.22:638][944]LogFbx: FBX Scene Loaded Succesfully
[2019.01.23-08.32.30:135][944]LogSlate: Window 'FBX Import Options' being destroyed
[2019.01.23-08.32.30:192][944]LogFbx: Warning: Triangulating static mesh Cylinder
[2019.01.23-08.32.30:230][944]LogStaticMesh: Building static mesh SpellScroll...
[2019.01.23-08.32.30:248][944]LogStaticMesh: Built static mesh [0.02s] /Game/ProjectSpellth/Placeholders/SpellScroll/SpellScroll.SpellScroll
[2019.01.23-08.32.30:257][944]FBXImport: Warning: No smoothing group information was found in this FBX scene.  Please make sure to enable the 'Export Smoothing Groups' option in the FBX Exporter plug-in before exporting the file.  Even for tools that don't support smoothing groups, the FBX Exporter will generate appropriate smoothing data at export-time so that correct vertex normals can be inferred while importing. 
[2019.01.23-08.32.31:770][105]LogSlate: Window 'Message Log' being destroyed
[2019.01.23-08.32.31:773][105]LogSlate: Window 'Message Log' being destroyed
[2019.01.23-08.32.32:613][180]LogSlate: FSceneViewport::OnFocusLost() reason 0
[2019.01.23-08.32.32:706][187]LogActorFactory: Actor Factory created SpellScroll
[2019.01.23-08.32.33:866][318]LogActorFactory: Actor Factory created SpellScroll
[2019.01.23-08.32.36:866][659]LogActorFactory: Actor Factory created SpellScroll
[2019.01.23-08.32.37:649][741]LogSlate: FSceneViewport::OnFocusLost() reason 0
[2019.01.23-08.32.37:732][751]LogTemp: Repeating last play command: Selected Viewport
[2019.01.23-08.32.37:752][751]LogBlueprintUserMessages: Early PlayInEditor Detection: Level '/Game/StarterContent/Maps/Minimal_Default.Minimal_Default:PersistentLevel' has LevelScriptBlueprint '/Game/StarterContent/Maps/Minimal_Default.Minimal_Default:PersistentLevel.Minimal_Default' with GeneratedClass '/Game/StarterContent/Maps/Minimal_Default.Minimal_Default_C' with ClassGeneratedBy '/Game/StarterContent/Maps/Minimal_Default.Minimal_Default:PersistentLevel.Minimal_Default'
[2019.01.23-08.32.37:752][751]LogPlayLevel: PlayLevel: No blueprints needed recompiling
[2019.01.23-08.32.37:753][751]PIE: New page: PIE session: Minimal_Default (Jan 23, 2019, 10:32:37 AM)
[2019.01.23-08.32.37:753][751]LogPlayLevel: Creating play world package: /Game/StarterContent/Maps/UEDPIE_0_Minimal_Default
[2019.01.23-08.32.37:758][751]LogPlayLevel: PIE: StaticDuplicateObject took: (0.005295s)
[2019.01.23-08.32.37:759][751]LogAIModule: Creating AISystem for world Minimal_Default
[2019.01.23-08.32.37:759][751]LogPlayLevel: PIE: World Init took: (0.000754s)
[2019.01.23-08.32.37:759][751]LogPlayLevel: PIE: Created PIE world by copying editor world from /Game/StarterContent/Maps/Minimal_Default.Minimal_Default to /Game/StarterContent/Maps/UEDPIE_0_Minimal_Default.Minimal_Default (0.006205s)
[2019.01.23-08.32.37:798][751]LogInit: XAudio2 using '4 - 2460G4 (AMD High Definition Audio Device)' : 2 channels at 48 kHz using 16 bits per sample (channel mask 0x3)
[2019.01.23-08.32.37:807][751]LogInit: FAudioDevice initialized.
[2019.01.23-08.32.37:840][751]LogLoad: Game class is 'MyGamemode_C'
[2019.01.23-08.32.37:843][751]LogWorld: Bringing World /Game/StarterContent/Maps/UEDPIE_0_Minimal_Default.Minimal_Default up for play (max tick rate 0) at 2019.01.23-09.32.37
[2019.01.23-08.32.37:844][751]LogWorld: Bringing up level for play took: 0.002438
[2019.01.23-08.32.37:862][751]LogScript: Warning: Script Msg: Attempted to access index 0 from array 'Inventory' of length 0 in '/Game/ProjectSpellth/Blueprints/Inventory/BPC_InventoryComponent.BPC_InventoryComponent_C'!
[2019.01.23-08.32.37:863][751]LogScript: Warning: Script Msg: Attempted to access index 1 from array 'Inventory' of length 0 in '/Game/ProjectSpellth/Blueprints/Inventory/BPC_InventoryComponent.BPC_InventoryComponent_C'!
[2019.01.23-08.32.37:863][751]LogScript: Warning: Script Msg: Attempted to access index 2 from array 'Inventory' of length 0 in '/Game/ProjectSpellth/Blueprints/Inventory/BPC_InventoryComponent.BPC_InventoryComponent_C'!
[2019.01.23-08.32.37:864][751]LogScript: Warning: Script Msg: Attempted to access index 3 from array 'Inventory' of length 0 in '/Game/ProjectSpellth/Blueprints/Inventory/BPC_InventoryComponent.BPC_InventoryComponent_C'!
[2019.01.23-08.32.37:864][751]LogScript: Warning: Script Msg: Attempted to access index 4 from array 'Inventory' of length 0 in '/Game/ProjectSpellth/Blueprints/Inventory/BPC_InventoryComponent.BPC_InventoryComponent_C'!
[2019.01.23-08.32.37:865][751]PIE: Play in editor start time for /Game/StarterContent/Maps/UEDPIE_0_Minimal_Default 0.421
[2019.01.23-08.32.37:865][751]LogBlueprintUserMessages: Late PlayInEditor Detection: Level '/Game/StarterContent/Maps/Minimal_Default.Minimal_Default:PersistentLevel' has LevelScriptBlueprint '/Game/StarterContent/Maps/Minimal_Default.Minimal_Default:PersistentLevel.Minimal_Default' with GeneratedClass '/Game/StarterContent/Maps/Minimal_Default.Minimal_Default_C' with ClassGeneratedBy '/Game/StarterContent/Maps/Minimal_Default.Minimal_Default:PersistentLevel.Minimal_Default'
[2019.01.23-08.32.41:881][228]LogBlueprintUserMessages: Early EndPlayMap Detection: Level '/Game/StarterContent/Maps/Minimal_Default.Minimal_Default:PersistentLevel' has LevelScriptBlueprint '/Game/StarterContent/Maps/Minimal_Default.Minimal_Default:PersistentLevel.Minimal_Default' with GeneratedClass '/Game/StarterContent/Maps/Minimal_Default.Minimal_Default_C' with ClassGeneratedBy '/Game/StarterContent/Maps/Minimal_Default.Minimal_Default:PersistentLevel.Minimal_Default'
[2019.01.23-08.32.41:881][228]LogSlate: Updating window title bar state: overlay mode, drag disabled, window buttons hidden, title bar hidden
[2019.01.23-08.32.41:915][228]LogPlayLevel: Display: Shutting down PIE online subsystems
[2019.01.23-08.32.41:916][228]LogBlueprintUserMessages: Late EndPlayMap Detection: Level '/Game/StarterContent/Maps/Minimal_Default.Minimal_Default:PersistentLevel' has LevelScriptBlueprint '/Game/StarterContent/Maps/Minimal_Default.Minimal_Default:PersistentLevel.Minimal_Default' with GeneratedClass '/Game/StarterContent/Maps/Minimal_Default.Minimal_Default_C' with ClassGeneratedBy '/Game/StarterContent/Maps/Minimal_Default.Minimal_Default:PersistentLevel.Minimal_Default'
[2019.01.23-08.32.41:957][228]LogSlate: Updating window title bar state: overlay mode, drag disabled, window buttons hidden, title bar hidden
[2019.01.23-08.32.42:012][230]LogPlayLevel: Display: Destroying online subsystem :Context_4
[2019.01.23-08.32.43:221][375]LogEditorViewport: Clicking on Actor (LMB): StaticMeshActor (SpellScroll)
[2019.01.23-08.32.43:517][405]Cmd: CAMERA ALIGN ACTIVEVIEWPORTONLY
[2019.01.23-08.32.46:480][744]Cmd: DELETE
[2019.01.23-08.32.46:480][744]Cmd: ACTOR DELETE
[2019.01.23-08.32.46:486][744]LogEditorActor: Deleted Actor: StaticMeshActor
[2019.01.23-08.32.46:519][744]LogEditorActor: Deleted 1 Actors (0.036 secs)
[2019.01.23-08.32.47:564][848]LogSlate: FSceneViewport::OnFocusLost() reason 0
[2019.01.23-08.32.53:028][286]LogSlate: FSceneViewport::OnFocusLost() reason 2
[2019.01.23-08.32.53:092][286]LogSlate: FSceneViewport::OnFocusLost() reason 2
[2019.01.23-08.32.53:168][286]LogSlate: FSceneViewport::OnFocusLost() reason 2
[2019.01.23-08.32.53:242][286]LogSlate: FSceneViewport::OnFocusLost() reason 2
[2019.01.23-08.32.53:260][286]LogSlate: FSceneViewport::OnFocusLost() reason 2
[2019.01.23-08.32.53:321][286]LogSavePackage: Moving '../../../../../../Users/Victor Weidar/Desktop/ProjectSpeallth/Project-Speallth/Project_Spellth 4.21/Saved/SM_SpellScrollCC22A7DC43F3623DC00A2392EE947624.tmp' to '../../../../../../Users/Victor Weidar/Desktop/ProjectSpeallth/Project-Speallth/Project_Spellth 4.21/Content/ProjectSpellth/Placeholders/SpellScroll/SM_SpellScroll.uasset'
[2019.01.23-08.32.53:556][286]LogSlate: FSceneViewport::OnFocusLost() reason 2
[2019.01.23-08.32.53:778][286]LogSlate: FSceneViewport::OnFocusLost() reason 2
[2019.01.23-08.32.57:070][470]LogSlate: Window 'Save Content' being destroyed
[2019.01.23-08.32.57:076][470]LogSlate: FSceneViewport::OnFocusLost() reason 2
[2019.01.23-08.32.57:184][470]LogSlate: FSceneViewport::OnFocusLost() reason 2
[2019.01.23-08.32.57:243][470]LogSavePackage: Moving '../../../../../../Users/Victor Weidar/Desktop/ProjectSpeallth/Project-Speallth/Project_Spellth 4.21/Saved/M_Binder3778588042A18CD1E788CD93A39FD42F.tmp' to '../../../../../../Users/Victor Weidar/Desktop/ProjectSpeallth/Project-Speallth/Project_Spellth 4.21/Content/ProjectSpellth/Placeholders/SpellScroll/M_Binder.uasset'
[2019.01.23-08.32.57:438][470]LogSavePackage: Moving '../../../../../../Users/Victor Weidar/Desktop/ProjectSpeallth/Project-Speallth/Project_Spellth 4.21/Saved/M_Paper9E02E28F45742DAA8CD5C7897FBAB10A.tmp' to '../../../../../../Users/Victor Weidar/Desktop/ProjectSpeallth/Project-Speallth/Project_Spellth 4.21/Content/ProjectSpellth/Placeholders/SpellScroll/M_Paper.uasset'
[2019.01.23-08.32.57:773][470]LogSavePackage: Moving '../../../../../../Users/Victor Weidar/Desktop/ProjectSpeallth/Project-Speallth/Project_Spellth 4.21/Saved/Minimal_Default39C0EE234A829DD9EC1020BF2F48E7CD.tmp' to '../../../../../../Users/Victor Weidar/Desktop/ProjectSpeallth/Project-Speallth/Project_Spellth 4.21/Content/StarterContent/Maps/Minimal_Default.umap'
[2019.01.23-08.32.57:827][470]LogFileHelpers: Saving map 'Minimal_Default' took 0.242
[2019.01.23-08.33.00:363][755]SourceControl: fatal: C:/Program Files/Epic Games/UE_4.21/Engine/Content: 'C:/Program Files/Epic Games/UE_4.21/Engine/Content' is outside repository
[2019.01.23-08.33.00:455][755]EditorErrors: Warning: No assets to check in!
[2019.01.23-08.33.04:144][182]LogUnrealEdMisc: Warning: Heartbeat event firing too frequently (52.429 sec). This should never happen. Something is wrong with the timer delegate!
